<?xml version="1.0" encoding="UTF-8"?>
<robot generator="Robot 6.1.1 (Python 3.12.1 on win32)" generated="20240110 13:14:42.952" rpa="false" schemaversion="4">
<suite id="s1" name="Form" source="C:\Users\natan\OneDrive\Imagens\Documentos\cursoRobotYt\aulas\aula04\form.robot">
<test id="s1-t1" name="Cenário 1: preencher formulario" line="82">
<kw name="abrir navegador e acessar o site">
<kw name="Open Browser" library="SeleniumLibrary">
<arg>https://demoqa.com/automation-practice-form</arg>
<arg>chrome</arg>
<doc>Opens a new browser instance to the optional ``url``.</doc>
<msg timestamp="20240110 13:14:43.154" level="INFO">Opening browser 'chrome' to base url 'https://demoqa.com/automation-practice-form'.</msg>
<status status="PASS" starttime="20240110 13:14:43.154" endtime="20240110 13:15:55.977"/>
</kw>
<status status="PASS" starttime="20240110 13:14:43.152" endtime="20240110 13:15:55.977"/>
</kw>
<kw name="preencher campos">
<kw name="Input Text" library="SeleniumLibrary">
<arg>${input_firstName}</arg>
<arg>Natanael</arg>
<doc>Types the given ``text`` into the text field identified by ``locator``.</doc>
<msg timestamp="20240110 13:15:55.978" level="INFO">Typing text 'Natanael' into text field '//input[@placeholder='First Name']'.</msg>
<status status="PASS" starttime="20240110 13:15:55.978" endtime="20240110 13:15:56.082"/>
</kw>
<kw name="Sleep" library="BuiltIn">
<arg>1s</arg>
<doc>Pauses the test executed for the given time.</doc>
<msg timestamp="20240110 13:15:57.083" level="INFO">Slept 1 second</msg>
<status status="PASS" starttime="20240110 13:15:56.082" endtime="20240110 13:15:57.083"/>
</kw>
<kw name="Input Text" library="SeleniumLibrary">
<arg>${input_lastName}</arg>
<arg>Lino</arg>
<doc>Types the given ``text`` into the text field identified by ``locator``.</doc>
<msg timestamp="20240110 13:15:57.083" level="INFO">Typing text 'Lino' into text field '//input[@placeholder='Last Name']'.</msg>
<status status="PASS" starttime="20240110 13:15:57.083" endtime="20240110 13:15:57.193"/>
</kw>
<kw name="Sleep" library="BuiltIn">
<arg>1s</arg>
<doc>Pauses the test executed for the given time.</doc>
<msg timestamp="20240110 13:15:58.195" level="INFO">Slept 1 second</msg>
<status status="PASS" starttime="20240110 13:15:57.193" endtime="20240110 13:15:58.195"/>
</kw>
<kw name="Input Text" library="SeleniumLibrary">
<arg>${input_userEmail}</arg>
<arg>santoslino.natanael@gmail.com</arg>
<doc>Types the given ``text`` into the text field identified by ``locator``.</doc>
<msg timestamp="20240110 13:15:58.195" level="INFO">Typing text 'santoslino.natanael@gmail.com' into text field '//input[@placeholder='name@example.com']'.</msg>
<status status="PASS" starttime="20240110 13:15:58.195" endtime="20240110 13:15:58.296"/>
</kw>
<kw name="Sleep" library="BuiltIn">
<arg>1s</arg>
<doc>Pauses the test executed for the given time.</doc>
<msg timestamp="20240110 13:15:59.296" level="INFO">Slept 1 second</msg>
<status status="PASS" starttime="20240110 13:15:58.296" endtime="20240110 13:15:59.296"/>
</kw>
<kw name="Click Element" library="SeleniumLibrary">
<arg>${button_radioGender}</arg>
<doc>Click the element identified by ``locator``.</doc>
<msg timestamp="20240110 13:15:59.296" level="INFO">Clicking element '//label[@class="custom-control-label"]'.</msg>
<status status="PASS" starttime="20240110 13:15:59.296" endtime="20240110 13:15:59.347"/>
</kw>
<kw name="Sleep" library="BuiltIn">
<arg>1s</arg>
<doc>Pauses the test executed for the given time.</doc>
<msg timestamp="20240110 13:16:00.347" level="INFO">Slept 1 second</msg>
<status status="PASS" starttime="20240110 13:15:59.347" endtime="20240110 13:16:00.347"/>
</kw>
<kw name="Input Text" library="SeleniumLibrary">
<arg>${input_userNumber}</arg>
<arg>85982118611</arg>
<doc>Types the given ``text`` into the text field identified by ``locator``.</doc>
<msg timestamp="20240110 13:16:00.347" level="INFO">Typing text '85982118611' into text field '//input[@placeholder='Mobile Number']'.</msg>
<status status="PASS" starttime="20240110 13:16:00.347" endtime="20240110 13:16:00.436"/>
</kw>
<kw name="Sleep" library="BuiltIn">
<arg>1s</arg>
<doc>Pauses the test executed for the given time.</doc>
<msg timestamp="20240110 13:16:01.438" level="INFO">Slept 1 second</msg>
<status status="PASS" starttime="20240110 13:16:00.437" endtime="20240110 13:16:01.438"/>
</kw>
<kw name="Click Element" library="SeleniumLibrary">
<arg>${label_hobbies}</arg>
<doc>Click the element identified by ``locator``.</doc>
<msg timestamp="20240110 13:16:01.439" level="INFO">Clicking element '//label[text()='Sports']'.</msg>
<status status="PASS" starttime="20240110 13:16:01.438" endtime="20240110 13:16:01.484"/>
</kw>
<kw name="Input Text" library="SeleniumLibrary">
<arg>${textarea_currentAddress}</arg>
<arg>62089634906209835</arg>
<doc>Types the given ``text`` into the text field identified by ``locator``.</doc>
<msg timestamp="20240110 13:16:01.485" level="INFO">Typing text '62089634906209835' into text field '//textarea[@placeholder='Current Address']'.</msg>
<status status="PASS" starttime="20240110 13:16:01.484" endtime="20240110 13:16:01.596"/>
</kw>
<kw name="Sleep" library="BuiltIn">
<arg>1s</arg>
<doc>Pauses the test executed for the given time.</doc>
<msg timestamp="20240110 13:16:02.597" level="INFO">Slept 1 second</msg>
<status status="PASS" starttime="20240110 13:16:01.596" endtime="20240110 13:16:02.597"/>
</kw>
<status status="PASS" starttime="20240110 13:15:55.977" endtime="20240110 13:16:02.597"/>
</kw>
<kw name="preencher data de nascimento">
<kw name="Wait Until Page Contains Element" library="SeleniumLibrary">
<arg>${input_dateOfBirth}</arg>
<doc>Waits until the element ``locator`` appears on the current page.</doc>
<status status="PASS" starttime="20240110 13:16:02.597" endtime="20240110 13:16:02.610"/>
</kw>
<kw name="Click Element" library="SeleniumLibrary">
<arg>${input_dateOfBirth}</arg>
<doc>Click the element identified by ``locator``.</doc>
<msg timestamp="20240110 13:16:02.611" level="INFO">Clicking element '//input[@id='dateOfBirthInput']'.</msg>
<status status="PASS" starttime="20240110 13:16:02.610" endtime="20240110 13:16:02.701"/>
</kw>
<kw name="Wait Until Page Contains Element" library="SeleniumLibrary">
<arg>${select_monthOfBirth}</arg>
<doc>Waits until the element ``locator`` appears on the current page.</doc>
<status status="PASS" starttime="20240110 13:16:02.701" endtime="20240110 13:16:02.715"/>
</kw>
<kw name="Click Element" library="SeleniumLibrary">
<arg>${select_monthOfBirth}</arg>
<doc>Click the element identified by ``locator``.</doc>
<msg timestamp="20240110 13:16:02.716" level="INFO">Clicking element '//select[@class="react-datepicker__month-select"]'.</msg>
<status status="PASS" starttime="20240110 13:16:02.715" endtime="20240110 13:16:02.780"/>
</kw>
<kw name="Wait Until Page Contains Element" library="SeleniumLibrary">
<arg>${option_monthOfBirth}</arg>
<doc>Waits until the element ``locator`` appears on the current page.</doc>
<status status="PASS" starttime="20240110 13:16:02.780" endtime="20240110 13:16:02.804"/>
</kw>
<kw name="Click Element" library="SeleniumLibrary">
<arg>${option_monthOfBirth}</arg>
<doc>Click the element identified by ``locator``.</doc>
<msg timestamp="20240110 13:16:02.804" level="INFO">Clicking element '//option[@value='4']'.</msg>
<status status="PASS" starttime="20240110 13:16:02.804" endtime="20240110 13:16:02.839"/>
</kw>
<kw name="Wait Until Page Contains Element" library="SeleniumLibrary">
<arg>${select_yearOfBirth}</arg>
<doc>Waits until the element ``locator`` appears on the current page.</doc>
<status status="PASS" starttime="20240110 13:16:02.839" endtime="20240110 13:16:02.851"/>
</kw>
<kw name="Click Element" library="SeleniumLibrary">
<arg>${select_yearOfBirth}</arg>
<doc>Click the element identified by ``locator``.</doc>
<msg timestamp="20240110 13:16:02.851" level="INFO">Clicking element '//select[@class="react-datepicker__year-select"]'.</msg>
<status status="PASS" starttime="20240110 13:16:02.851" endtime="20240110 13:16:02.915"/>
</kw>
<kw name="Wait Until Page Contains Element" library="SeleniumLibrary">
<arg>${option_yearOfBirth}</arg>
<doc>Waits until the element ``locator`` appears on the current page.</doc>
<status status="PASS" starttime="20240110 13:16:02.916" endtime="20240110 13:16:02.929"/>
</kw>
<kw name="Click Element" library="SeleniumLibrary">
<arg>${option_yearOfBirth}</arg>
<doc>Click the element identified by ``locator``.</doc>
<msg timestamp="20240110 13:16:02.929" level="INFO">Clicking element '//option[@value='2002']'.</msg>
<status status="PASS" starttime="20240110 13:16:02.929" endtime="20240110 13:16:02.959"/>
</kw>
<kw name="Click Element" library="SeleniumLibrary">
<arg>${select_yearOfBirth}</arg>
<doc>Click the element identified by ``locator``.</doc>
<msg timestamp="20240110 13:16:02.961" level="INFO">Clicking element '//select[@class="react-datepicker__year-select"]'.</msg>
<status status="PASS" starttime="20240110 13:16:02.960" endtime="20240110 13:16:03.021"/>
</kw>
<kw name="Wait Until Page Contains Element" library="SeleniumLibrary">
<arg>${div_dayOfBith}</arg>
<doc>Waits until the element ``locator`` appears on the current page.</doc>
<status status="PASS" starttime="20240110 13:16:03.021" endtime="20240110 13:16:03.032"/>
</kw>
<kw name="Click Element" library="SeleniumLibrary">
<arg>${div_dayOfBith}</arg>
<doc>Click the element identified by ``locator``.</doc>
<msg timestamp="20240110 13:16:03.032" level="INFO">Clicking element '//div[text()='9']'.</msg>
<status status="PASS" starttime="20240110 13:16:03.032" endtime="20240110 13:16:03.074"/>
</kw>
<kw name="Sleep" library="BuiltIn">
<arg>10s</arg>
<doc>Pauses the test executed for the given time.</doc>
<msg timestamp="20240110 13:16:13.074" level="INFO">Slept 10 seconds</msg>
<status status="PASS" starttime="20240110 13:16:03.074" endtime="20240110 13:16:13.074"/>
</kw>
<status status="PASS" starttime="20240110 13:16:02.597" endtime="20240110 13:16:13.074"/>
</kw>
<kw name="fechar navegador">
<kw name="Close Browser" library="SeleniumLibrary">
<doc>Closes the current browser.</doc>
<status status="PASS" starttime="20240110 13:16:13.074" endtime="20240110 13:16:15.391"/>
</kw>
<status status="PASS" starttime="20240110 13:16:13.074" endtime="20240110 13:16:15.391"/>
</kw>
<status status="PASS" starttime="20240110 13:14:43.152" endtime="20240110 13:16:15.392"/>
</test>
<status status="PASS" starttime="20240110 13:14:42.953" endtime="20240110 13:16:15.392"/>
</suite>
<statistics>
<total>
<stat pass="1" fail="0" skip="0">All Tests</stat>
</total>
<tag>
</tag>
<suite>
<stat pass="1" fail="0" skip="0" id="s1" name="Form">Form</stat>
</suite>
</statistics>
<errors>
</errors>
</robot>
