<?xml version="1.0" encoding="UTF-8"?>
<robot generator="Robot 6.1.1 (Python 3.12.1 on win32)" generated="20240109 20:59:35.287" rpa="false" schemaversion="4">
<suite id="s1" name="Form" source="C:\Users\natan\OneDrive\Imagens\Documentos\cursoRobotYt\aulas\aula04\form.robot">
<test id="s1-t1" name="Cenário 1: preencher formulario" line="48">
<kw name="abrir navegador e acessar o site">
<kw name="Open Browser" library="SeleniumLibrary">
<arg>https://demoqa.com/automation-practice-form</arg>
<arg>chrome</arg>
<doc>Opens a new browser instance to the optional ``url``.</doc>
<msg timestamp="20240109 20:59:35.489" level="INFO">Opening browser 'chrome' to base url 'https://demoqa.com/automation-practice-form'.</msg>
<status status="PASS" starttime="20240109 20:59:35.489" endtime="20240109 20:59:50.232"/>
</kw>
<status status="PASS" starttime="20240109 20:59:35.489" endtime="20240109 20:59:50.232"/>
</kw>
<kw name="preencher campos">
<kw name="Input Text" library="SeleniumLibrary">
<arg>${input_firstName}</arg>
<arg>Natanael</arg>
<doc>Types the given ``text`` into the text field identified by ``locator``.</doc>
<msg timestamp="20240109 20:59:50.233" level="INFO">Typing text 'Natanael' into text field '//input[@placeholder='First Name']'.</msg>
<status status="PASS" starttime="20240109 20:59:50.232" endtime="20240109 20:59:50.361"/>
</kw>
<kw name="Sleep" library="BuiltIn">
<arg>1s</arg>
<doc>Pauses the test executed for the given time.</doc>
<msg timestamp="20240109 20:59:51.361" level="INFO">Slept 1 second</msg>
<status status="PASS" starttime="20240109 20:59:50.361" endtime="20240109 20:59:51.361"/>
</kw>
<kw name="Input Text" library="SeleniumLibrary">
<arg>${input_lastName}</arg>
<arg>Lino</arg>
<doc>Types the given ``text`` into the text field identified by ``locator``.</doc>
<msg timestamp="20240109 20:59:51.361" level="INFO">Typing text 'Lino' into text field '//input[@placeholder='Last Name']'.</msg>
<status status="PASS" starttime="20240109 20:59:51.361" endtime="20240109 20:59:51.447"/>
</kw>
<kw name="Sleep" library="BuiltIn">
<arg>1s</arg>
<doc>Pauses the test executed for the given time.</doc>
<msg timestamp="20240109 20:59:52.447" level="INFO">Slept 1 second</msg>
<status status="PASS" starttime="20240109 20:59:51.447" endtime="20240109 20:59:52.447"/>
</kw>
<kw name="Input Text" library="SeleniumLibrary">
<arg>${input_userEmail}</arg>
<arg>santoslino.natanael@gmail.com</arg>
<doc>Types the given ``text`` into the text field identified by ``locator``.</doc>
<msg timestamp="20240109 20:59:52.448" level="INFO">Typing text 'santoslino.natanael@gmail.com' into text field '//input[@placeholder='name@example.com']'.</msg>
<status status="PASS" starttime="20240109 20:59:52.447" endtime="20240109 20:59:52.590"/>
</kw>
<kw name="Sleep" library="BuiltIn">
<arg>1s</arg>
<doc>Pauses the test executed for the given time.</doc>
<msg timestamp="20240109 20:59:53.592" level="INFO">Slept 1 second</msg>
<status status="PASS" starttime="20240109 20:59:52.590" endtime="20240109 20:59:53.592"/>
</kw>
<kw name="Input Text" library="SeleniumLibrary">
<arg>${input_userNumber}</arg>
<arg>85982118611</arg>
<doc>Types the given ``text`` into the text field identified by ``locator``.</doc>
<msg timestamp="20240109 20:59:53.592" level="INFO">Typing text '85982118611' into text field '//input[@placeholder='Mobile Number']'.</msg>
<status status="PASS" starttime="20240109 20:59:53.592" endtime="20240109 20:59:53.681"/>
</kw>
<kw name="Sleep" library="BuiltIn">
<arg>1s</arg>
<doc>Pauses the test executed for the given time.</doc>
<msg timestamp="20240109 20:59:54.682" level="INFO">Slept 1 second</msg>
<status status="PASS" starttime="20240109 20:59:53.681" endtime="20240109 20:59:54.682"/>
</kw>
<kw name="Input Text" library="SeleniumLibrary">
<arg>${textarea_currentAddress}</arg>
<arg>62089634906209835</arg>
<doc>Types the given ``text`` into the text field identified by ``locator``.</doc>
<msg timestamp="20240109 20:59:54.682" level="INFO">Typing text '62089634906209835' into text field '//textarea[@placeholder='Current Address']'.</msg>
<status status="PASS" starttime="20240109 20:59:54.682" endtime="20240109 20:59:54.782"/>
</kw>
<kw name="Sleep" library="BuiltIn">
<arg>5s</arg>
<doc>Pauses the test executed for the given time.</doc>
<msg timestamp="20240109 20:59:59.783" level="INFO">Slept 5 seconds</msg>
<status status="PASS" starttime="20240109 20:59:54.782" endtime="20240109 20:59:59.783"/>
</kw>
<status status="PASS" starttime="20240109 20:59:50.232" endtime="20240109 20:59:59.783"/>
</kw>
<kw name="clicar em submit">
<kw name="Wait Until Page Contains Element" library="SeleniumLibrary">
<arg>${button_submit}</arg>
<doc>Waits until the element ``locator`` appears on the current page.</doc>
<status status="PASS" starttime="20240109 20:59:59.784" endtime="20240109 20:59:59.795"/>
</kw>
<kw name="Click Element" library="SeleniumLibrary">
<arg>${button_submit}</arg>
<doc>Click the element identified by ``locator``.</doc>
<msg timestamp="20240109 20:59:59.795" level="INFO">Clicking element '//button[@id='submit']'.</msg>
<msg timestamp="20240109 21:00:01.017" level="INFO" html="true">&lt;/td&gt;&lt;/tr&gt;&lt;tr&gt;&lt;td colspan="3"&gt;&lt;a href="selenium-screenshot-2.png"&gt;&lt;img src="selenium-screenshot-2.png" width="800px"&gt;&lt;/a&gt;</msg>
<msg timestamp="20240109 21:00:01.017" level="FAIL">ElementClickInterceptedException: Message: element click intercepted: Element &lt;button id="submit" type="submit" class="btn btn-primary"&gt;...&lt;/button&gt; is not clickable at point (728, 624). Other element would receive the click: &lt;iframe frameborder="0" src="https://8bfeabba1f20c9719dddfb3a70851fad.safeframe.googlesyndication.com/safeframe/1-0-40/html/container.html" id="google_ads_iframe_/21849154601,22343295815/Ad.Plus-Anchor_0" title="3rd party ad content" name="" scrolling="no" marginwidth="0" marginheight="0" width="728" height="90" data-is-safeframe="true" sandbox="allow-forms allow-popups allow-popups-to-escape-sandbox allow-same-origin allow-scripts allow-top-navigation-by-user-activation" aria-label="Advertisement" tabindex="0" data-google-container-id="1" style="border: 0px; vertical-align: bottom;" data-load-complete="true"&gt;&lt;/iframe&gt;
  (Session info: chrome=120.0.6099.200)
Stacktrace:
	GetHandleVerifier [0x00007FF6931A2142+3514994]
	(No symbol) [0x00007FF692DC0CE2]
	(No symbol) [0x00007FF692C676AA]
	(No symbol) [0x00007FF692CB88F3]
	(No symbol) [0x00007FF692CB68ED]
	(No symbol) [0x00007FF692CB40EC]
	(No symbol) [0x00007FF692CB2EA5]
	(No symbol) [0x00007FF692CA6A0F]
	(No symbol) [0x00007FF692CD5FEA]
	(No symbol) [0x00007FF692CA63B6]
	(No symbol) [0x00007FF692CD6490]
	(No symbol) [0x00007FF692CF28F6]
	(No symbol) [0x00007FF692CD5D93]
	(No symbol) [0x00007FF692CA4BDC]
	(No symbol) [0x00007FF692CA5C64]
	GetHandleVerifier [0x00007FF6931CE16B+3695259]
	GetHandleVerifier [0x00007FF693226737+4057191]
	GetHandleVerifier [0x00007FF69321E4E3+4023827]
	GetHandleVerifier [0x00007FF692EF04F9+689705]
	(No symbol) [0x00007FF692DCC048]
	(No symbol) [0x00007FF692DC8044]
	(No symbol) [0x00007FF692DC81C9]
	(No symbol) [0x00007FF692DB88C4]
	BaseThreadInitThunk [0x00007FFD07AF257D+29]
	RtlUserThreadStart [0x00007FFD083AAA58+40]
</msg>
<status status="FAIL" starttime="20240109 20:59:59.795" endtime="20240109 21:00:01.019"/>
</kw>
<status status="FAIL" starttime="20240109 20:59:59.783" endtime="20240109 21:00:01.019"/>
</kw>
<kw name="fechar navegador">
<status status="NOT RUN" starttime="20240109 21:00:01.020" endtime="20240109 21:00:01.020"/>
</kw>
<status status="FAIL" starttime="20240109 20:59:35.488" endtime="20240109 21:00:01.020">ElementClickInterceptedException: Message: element click intercepted: Element &lt;button id="submit" type="submit" class="btn btn-primary"&gt;...&lt;/button&gt; is not clickable at point (728, 624). Other element would receive the click: &lt;iframe frameborder="0" src="https://8bfeabba1f20c9719dddfb3a70851fad.safeframe.googlesyndication.com/safeframe/1-0-40/html/container.html" id="google_ads_iframe_/21849154601,22343295815/Ad.Plus-Anchor_0" title="3rd party ad content" name="" scrolling="no" marginwidth="0" marginheight="0" width="728" height="90" data-is-safeframe="true" sandbox="allow-forms allow-popups allow-popups-to-escape-sandbox allow-same-origin allow-scripts allow-top-navigation-by-user-activation" aria-label="Advertisement" tabindex="0" data-google-container-id="1" style="border: 0px; vertical-align: bottom;" data-load-complete="true"&gt;&lt;/iframe&gt;
  (Session info: chrome=120.0.6099.200)
Stacktrace:
	GetHandleVerifier [0x00007FF6931A2142+3514994]
	(No symbol) [0x00007FF692DC0CE2]
	(No symbol) [0x00007FF692C676AA]
	(No symbol) [0x00007FF692CB88F3]
	(No symbol) [0x00007FF692CB68ED]
	(No symbol) [0x00007FF692CB40EC]
	(No symbol) [0x00007FF692CB2EA5]
	(No symbol) [0x00007FF692CA6A0F]
	(No symbol) [0x00007FF692CD5FEA]
	(No symbol) [0x00007FF692CA63B6]
	(No symbol) [0x00007FF692CD6490]
	(No symbol) [0x00007FF692CF28F6]
	(No symbol) [0x00007FF692CD5D93]
	(No symbol) [0x00007FF692CA4BDC]
	(No symbol) [0x00007FF692CA5C64]
	GetHandleVerifier [0x00007FF6931CE16B+3695259]
	GetHandleVerifier [0x00007FF693226737+4057191]
	GetHandleVerifier [0x00007FF69321E4E3+4023827]
	GetHandleVerifier [0x00007FF692EF04F9+689705]
	(No symbol) [0x00007FF692DCC048]
	(No symbol) [0x00007FF692DC8044]
	(No symbol) [0x00007FF692DC81C9]
	(No symbol) [0x00007FF692DB88C4]
	BaseThreadInitThunk [0x00007FFD07AF257D+29]
	RtlUserThreadStart [0x00007FFD083AAA58+40]
</status>
</test>
<status status="FAIL" starttime="20240109 20:59:35.288" endtime="20240109 21:00:01.024"/>
</suite>
<statistics>
<total>
<stat pass="0" fail="1" skip="0">All Tests</stat>
</total>
<tag>
</tag>
<suite>
<stat pass="0" fail="1" skip="0" id="s1" name="Form">Form</stat>
</suite>
</statistics>
<errors>
</errors>
</robot>
