<?xml version="1.0" encoding="UTF-8"?>
<robot generator="Robot 6.1.1 (Python 3.12.1 on win32)" generated="20240112 22:14:22.609" rpa="false" schemaversion="4">
<suite id="s1" name="Tc01" source="C:\Users\natan\OneDrive\Imagens\Documentos\cursoRobotYt\aulas\aula07\tests\add_Employee\tc01.robot">
<test id="s1-t1" name="TC01 - Criando um novo funcionario" line="5">
<kw name="Dado que eu acesse o orangeHRM" library="login_Steps">
<kw name="Open Browser" library="SeleniumLibrary">
<arg>${URL}</arg>
<arg>${Browser}</arg>
<doc>Opens a new browser instance to the optional ``url``.</doc>
<msg timestamp="20240112 22:14:22.823" level="INFO">Opening browser 'chrome' to base url 'https://opensource-demo.orangehrmlive.com/web/index.php/auth/login'.</msg>
<status status="PASS" starttime="20240112 22:14:22.822" endtime="20240112 22:14:28.296"/>
</kw>
<kw name="Maximize Browser Window" library="SeleniumLibrary">
<doc>Maximizes current browser window.</doc>
<status status="PASS" starttime="20240112 22:14:28.296" endtime="20240112 22:14:28.411"/>
</kw>
<status status="PASS" starttime="20240112 22:14:22.822" endtime="20240112 22:14:28.411"/>
</kw>
<kw name="E faça o Login" library="login_Steps">
<kw name="Wait Until Element Is Visible" library="SeleniumLibrary">
<arg>${login.Input_Username}</arg>
<arg>10</arg>
<doc>Waits until the element ``locator`` is visible.</doc>
<status status="PASS" starttime="20240112 22:14:28.412" endtime="20240112 22:14:28.953"/>
</kw>
<kw name="Input Text" library="SeleniumLibrary">
<arg>${login.Input_Username}</arg>
<arg>${Username}</arg>
<doc>Types the given ``text`` into the text field identified by ``locator``.</doc>
<msg timestamp="20240112 22:14:28.954" level="INFO">Typing text 'Admin' into text field '//input[@name="username"]'.</msg>
<status status="PASS" starttime="20240112 22:14:28.954" endtime="20240112 22:14:29.031"/>
</kw>
<kw name="Wait Until Element Is Visible" library="SeleniumLibrary">
<arg>${login.Input_Password}</arg>
<arg>10</arg>
<doc>Waits until the element ``locator`` is visible.</doc>
<status status="PASS" starttime="20240112 22:14:29.031" endtime="20240112 22:14:29.053"/>
</kw>
<kw name="Input Text" library="SeleniumLibrary">
<arg>${login.Input_Password}</arg>
<arg>${Password}</arg>
<doc>Types the given ``text`` into the text field identified by ``locator``.</doc>
<msg timestamp="20240112 22:14:29.054" level="INFO">Typing text 'admin123' into text field '//input[@name="password"]'.</msg>
<status status="PASS" starttime="20240112 22:14:29.053" endtime="20240112 22:14:29.124"/>
</kw>
<kw name="Wait Until Element Is Visible" library="SeleniumLibrary">
<arg>${login.Button_Login}</arg>
<arg>10</arg>
<doc>Waits until the element ``locator`` is visible.</doc>
<status status="PASS" starttime="20240112 22:14:29.125" endtime="20240112 22:14:29.158"/>
</kw>
<kw name="Click Element" library="SeleniumLibrary">
<arg>${login.Button_Login}</arg>
<doc>Click the element identified by ``locator``.</doc>
<msg timestamp="20240112 22:14:29.158" level="INFO">Clicking element '//button[text()=' Login ']'.</msg>
<status status="PASS" starttime="20240112 22:14:29.158" endtime="20240112 22:14:30.328"/>
</kw>
<kw name="Sleep" library="BuiltIn">
<arg>5s</arg>
<doc>Pauses the test executed for the given time.</doc>
<msg timestamp="20240112 22:14:35.330" level="INFO">Slept 5 seconds</msg>
<status status="PASS" starttime="20240112 22:14:30.329" endtime="20240112 22:14:35.330"/>
</kw>
<status status="PASS" starttime="20240112 22:14:28.411" endtime="20240112 22:14:35.330"/>
</kw>
<kw name="E clico em PIM" library="add_Employee_Steps">
<kw name="Wait Until Element Is Visible" library="SeleniumLibrary">
<arg>${home.A_PIM}</arg>
<arg>10</arg>
<doc>Waits until the element ``locator`` is visible.</doc>
<status status="PASS" starttime="20240112 22:14:35.332" endtime="20240112 22:14:35.356"/>
</kw>
<kw name="Click Element" library="SeleniumLibrary">
<arg>${home.A_PIM}</arg>
<doc>Click the element identified by ``locator``.</doc>
<msg timestamp="20240112 22:14:35.357" level="INFO">Clicking element '//a[@href="/web/index.php/pim/viewPimModule"]'.</msg>
<status status="PASS" starttime="20240112 22:14:35.356" endtime="20240112 22:14:36.219"/>
</kw>
<status status="PASS" starttime="20240112 22:14:35.331" endtime="20240112 22:14:36.219"/>
</kw>
<kw name="E clico em Add Employee" library="add_Employee_Steps">
<kw name="Wait Until Element Is Visible" library="SeleniumLibrary">
<arg>${PIM.A_addEmployee}</arg>
<arg>10</arg>
<doc>Waits until the element ``locator`` is visible.</doc>
<status status="PASS" starttime="20240112 22:14:36.219" endtime="20240112 22:14:36.656"/>
</kw>
<kw name="Click Element" library="SeleniumLibrary">
<arg>${PIM.A_addEmployee}</arg>
<doc>Click the element identified by ``locator``.</doc>
<msg timestamp="20240112 22:14:36.657" level="INFO">Clicking element '//a[text()='Add Employee']'.</msg>
<status status="PASS" starttime="20240112 22:14:36.656" endtime="20240112 22:14:37.484"/>
</kw>
<kw name="Sleep" library="BuiltIn">
<arg>5s</arg>
<doc>Pauses the test executed for the given time.</doc>
<msg timestamp="20240112 22:14:42.484" level="INFO">Slept 5 seconds</msg>
<status status="PASS" starttime="20240112 22:14:37.484" endtime="20240112 22:14:42.484"/>
</kw>
<status status="PASS" starttime="20240112 22:14:36.219" endtime="20240112 22:14:42.484"/>
</kw>
<kw name="E fecho o navegador" library="login_Steps">
<kw name="Close Browser" library="SeleniumLibrary">
<doc>Closes the current browser.</doc>
<status status="PASS" starttime="20240112 22:14:42.485" endtime="20240112 22:14:44.693"/>
</kw>
<status status="PASS" starttime="20240112 22:14:42.485" endtime="20240112 22:14:44.693"/>
</kw>
<status status="PASS" starttime="20240112 22:14:22.821" endtime="20240112 22:14:44.694"/>
</test>
<status status="PASS" starttime="20240112 22:14:22.610" endtime="20240112 22:14:44.695"/>
</suite>
<statistics>
<total>
<stat pass="1" fail="0" skip="0">All Tests</stat>
</total>
<tag>
</tag>
<suite>
<stat pass="1" fail="0" skip="0" id="s1" name="Tc01">Tc01</stat>
</suite>
</statistics>
<errors>
</errors>
</robot>
