<?xml version="1.0" encoding="UTF-8"?>
<robot generator="Robot 6.1.1 (Python 3.12.1 on win32)" generated="20240112 23:00:43.512" rpa="false" schemaversion="4">
<suite id="s1" name="Tc01" source="C:\Users\natan\OneDrive\Imagens\Documentos\cursoRobotYt\aulas\aula07\tests\add_Employee\tc01.robot">
<test id="s1-t1" name="TC01 - Criando um novo funcionario" line="5">
<kw name="Dado que eu acesse o orangeHRM" library="login_Steps">
<kw name="Open Browser" library="SeleniumLibrary">
<arg>${URL}</arg>
<arg>${Browser}</arg>
<doc>Opens a new browser instance to the optional ``url``.</doc>
<msg timestamp="20240112 23:00:43.721" level="INFO">Opening browser 'chrome' to base url 'https://opensource-demo.orangehrmlive.com/web/index.php/auth/login'.</msg>
<status status="PASS" starttime="20240112 23:00:43.720" endtime="20240112 23:00:48.744"/>
</kw>
<kw name="Maximize Browser Window" library="SeleniumLibrary">
<doc>Maximizes current browser window.</doc>
<status status="PASS" starttime="20240112 23:00:48.744" endtime="20240112 23:00:48.872"/>
</kw>
<status status="PASS" starttime="20240112 23:00:43.720" endtime="20240112 23:00:48.872"/>
</kw>
<kw name="E faça o Login" library="login_Steps">
<kw name="Wait Until Element Is Visible" library="SeleniumLibrary">
<arg>${login.Input_Username}</arg>
<arg>10</arg>
<doc>Waits until the element ``locator`` is visible.</doc>
<status status="PASS" starttime="20240112 23:00:48.873" endtime="20240112 23:00:49.175"/>
</kw>
<kw name="Input Text" library="SeleniumLibrary">
<arg>${login.Input_Username}</arg>
<arg>${Username}</arg>
<doc>Types the given ``text`` into the text field identified by ``locator``.</doc>
<msg timestamp="20240112 23:00:49.176" level="INFO">Typing text 'Admin' into text field '//input[@name="username"]'.</msg>
<status status="PASS" starttime="20240112 23:00:49.175" endtime="20240112 23:00:49.274"/>
</kw>
<kw name="Wait Until Element Is Visible" library="SeleniumLibrary">
<arg>${login.Input_Password}</arg>
<arg>10</arg>
<doc>Waits until the element ``locator`` is visible.</doc>
<status status="PASS" starttime="20240112 23:00:49.274" endtime="20240112 23:00:49.298"/>
</kw>
<kw name="Input Text" library="SeleniumLibrary">
<arg>${login.Input_Password}</arg>
<arg>${Password}</arg>
<doc>Types the given ``text`` into the text field identified by ``locator``.</doc>
<msg timestamp="20240112 23:00:49.299" level="INFO">Typing text 'admin123' into text field '//input[@name="password"]'.</msg>
<status status="PASS" starttime="20240112 23:00:49.298" endtime="20240112 23:00:49.414"/>
</kw>
<kw name="Wait Until Element Is Visible" library="SeleniumLibrary">
<arg>${login.Button_Login}</arg>
<arg>10</arg>
<doc>Waits until the element ``locator`` is visible.</doc>
<status status="PASS" starttime="20240112 23:00:49.414" endtime="20240112 23:00:49.431"/>
</kw>
<kw name="Click Element" library="SeleniumLibrary">
<arg>${login.Button_Login}</arg>
<doc>Click the element identified by ``locator``.</doc>
<msg timestamp="20240112 23:00:49.431" level="INFO">Clicking element '//button[text()=' Login ']'.</msg>
<status status="PASS" starttime="20240112 23:00:49.431" endtime="20240112 23:00:49.462"/>
</kw>
<kw name="Sleep" library="BuiltIn">
<arg>5s</arg>
<doc>Pauses the test executed for the given time.</doc>
<msg timestamp="20240112 23:00:54.463" level="INFO">Slept 5 seconds</msg>
<status status="PASS" starttime="20240112 23:00:49.463" endtime="20240112 23:00:54.463"/>
</kw>
<status status="PASS" starttime="20240112 23:00:48.873" endtime="20240112 23:00:54.463"/>
</kw>
<kw name="E clique em PIM" library="add_Employee_Steps">
<kw name="Wait Until Element Is Visible" library="SeleniumLibrary">
<arg>${home.A_PIM}</arg>
<arg>10</arg>
<doc>Waits until the element ``locator`` is visible.</doc>
<status status="PASS" starttime="20240112 23:00:54.464" endtime="20240112 23:00:54.478"/>
</kw>
<kw name="Click Element" library="SeleniumLibrary">
<arg>${home.A_PIM}</arg>
<doc>Click the element identified by ``locator``.</doc>
<msg timestamp="20240112 23:00:54.480" level="INFO">Clicking element '//a[@href="/web/index.php/pim/viewPimModule"]'.</msg>
<status status="PASS" starttime="20240112 23:00:54.478" endtime="20240112 23:00:55.454"/>
</kw>
<status status="PASS" starttime="20240112 23:00:54.464" endtime="20240112 23:00:55.454"/>
</kw>
<kw name="E clique em Add Employee" library="add_Employee_Steps">
<kw name="Wait Until Element Is Visible" library="SeleniumLibrary">
<arg>${PIM.A_addEmployee}</arg>
<arg>10</arg>
<doc>Waits until the element ``locator`` is visible.</doc>
<status status="PASS" starttime="20240112 23:00:55.454" endtime="20240112 23:00:55.921"/>
</kw>
<kw name="Click Element" library="SeleniumLibrary">
<arg>${PIM.A_addEmployee}</arg>
<doc>Click the element identified by ``locator``.</doc>
<msg timestamp="20240112 23:00:55.922" level="INFO">Clicking element '//a[text()='Add Employee']'.</msg>
<status status="PASS" starttime="20240112 23:00:55.922" endtime="20240112 23:00:56.638"/>
</kw>
<status status="PASS" starttime="20240112 23:00:55.454" endtime="20240112 23:00:56.638"/>
</kw>
<kw name="E preenche os dados de cadastro" library="add_Employee_Steps">
<kw name="Wait Until Element Is Visible" library="SeleniumLibrary">
<arg>${PIM.Input_FirstName}</arg>
<arg>10</arg>
<doc>Waits until the element ``locator`` is visible.</doc>
<status status="PASS" starttime="20240112 23:00:56.639" endtime="20240112 23:00:57.079"/>
</kw>
<kw name="Input Text" library="SeleniumLibrary">
<arg>${PIM.Input_FirstName}</arg>
<arg>${firstNameEmployee}</arg>
<doc>Types the given ``text`` into the text field identified by ``locator``.</doc>
<msg timestamp="20240112 23:00:57.079" level="INFO">Typing text 'Severino' into text field '//input[@name="firstName"]'.</msg>
<status status="PASS" starttime="20240112 23:00:57.079" endtime="20240112 23:00:57.158"/>
</kw>
<kw name="Wait Until Element Is Visible" library="SeleniumLibrary">
<arg>${PIM.Input_MiddleName}</arg>
<arg>10</arg>
<doc>Waits until the element ``locator`` is visible.</doc>
<status status="PASS" starttime="20240112 23:00:57.158" endtime="20240112 23:00:57.180"/>
</kw>
<kw name="Input Text" library="SeleniumLibrary">
<arg>${PIM.Input_MiddleName}</arg>
<arg>${middleNameEmployee}</arg>
<doc>Types the given ``text`` into the text field identified by ``locator``.</doc>
<msg timestamp="20240112 23:00:57.181" level="INFO">Typing text 'Severo' into text field '//input[@name="middleName"]'.</msg>
<status status="PASS" starttime="20240112 23:00:57.180" endtime="20240112 23:00:57.266"/>
</kw>
<kw name="Wait Until Element Is Visible" library="SeleniumLibrary">
<arg>${PIM.Input_LastName}</arg>
<arg>10</arg>
<doc>Waits until the element ``locator`` is visible.</doc>
<status status="PASS" starttime="20240112 23:00:57.267" endtime="20240112 23:00:57.282"/>
</kw>
<kw name="Input Text" library="SeleniumLibrary">
<arg>${PIM.Input_LastName}</arg>
<arg>${lastNameEmployee}</arg>
<doc>Types the given ``text`` into the text field identified by ``locator``.</doc>
<msg timestamp="20240112 23:00:57.283" level="INFO">Typing text 'De Severina Pereira Silva' into text field '//input[@name="lastName"]'.</msg>
<status status="PASS" starttime="20240112 23:00:57.282" endtime="20240112 23:00:57.386"/>
</kw>
<status status="PASS" starttime="20240112 23:00:56.639" endtime="20240112 23:00:57.386"/>
</kw>
<kw name="E clique em save" library="add_Employee_Steps">
<kw name="Wait Until Element Is Visible" library="SeleniumLibrary">
<arg>${PIM.Button_Save}</arg>
<arg>10</arg>
<doc>Waits until the element ``locator`` is visible.</doc>
<status status="PASS" starttime="20240112 23:00:57.387" endtime="20240112 23:00:57.404"/>
</kw>
<kw name="Click Element" library="SeleniumLibrary">
<arg>${PIM.Button_Save}</arg>
<doc>Click the element identified by ``locator``.</doc>
<msg timestamp="20240112 23:00:57.405" level="INFO">Clicking element '//button[text()=' Save ']'.</msg>
<status status="PASS" starttime="20240112 23:00:57.404" endtime="20240112 23:00:57.943"/>
</kw>
<kw name="Sleep" library="BuiltIn">
<arg>10s</arg>
<doc>Pauses the test executed for the given time.</doc>
<msg timestamp="20240112 23:01:07.944" level="INFO">Slept 10 seconds</msg>
<status status="PASS" starttime="20240112 23:00:57.943" endtime="20240112 23:01:07.944"/>
</kw>
<status status="PASS" starttime="20240112 23:00:57.386" endtime="20240112 23:01:07.944"/>
</kw>
<kw name="E feche o navegador" library="login_Steps">
<kw name="Close Browser" library="SeleniumLibrary">
<doc>Closes the current browser.</doc>
<status status="PASS" starttime="20240112 23:01:07.945" endtime="20240112 23:01:10.218"/>
</kw>
<status status="PASS" starttime="20240112 23:01:07.945" endtime="20240112 23:01:10.218"/>
</kw>
<status status="PASS" starttime="20240112 23:00:43.720" endtime="20240112 23:01:10.218"/>
</test>
<status status="PASS" starttime="20240112 23:00:43.514" endtime="20240112 23:01:10.220"/>
</suite>
<statistics>
<total>
<stat pass="1" fail="0" skip="0">All Tests</stat>
</total>
<tag>
</tag>
<suite>
<stat pass="1" fail="0" skip="0" id="s1" name="Tc01">Tc01</stat>
</suite>
</statistics>
<errors>
</errors>
</robot>
