<?xml version="1.0" encoding="UTF-8"?>
<robot generator="Robot 6.1.1 (Python 3.12.1 on win32)" generated="20240126 13:20:35.300" rpa="false" schemaversion="4">
<suite id="s1" name="Form" source="C:\Users\natan\OneDrive\Imagens\Documentos\cursoRobotYt\aulas\aula11\form.robot">
<test id="s1-t1" name="TC01 - Acessar e preencher formulario" line="39">
<kw name="Dado que acesse o formulario">
<kw name="Open Browser" library="SeleniumLibrary">
<arg>${URL}</arg>
<arg>${Browser}</arg>
<doc>Opens a new browser instance to the optional ``url``.</doc>
<msg timestamp="20240126 13:20:35.581" level="INFO">Opening browser 'chrome' to base url 'https://demoqa.com/automation-practice-form'.</msg>
<status status="PASS" starttime="20240126 13:20:35.580" endtime="20240126 13:20:43.724"/>
</kw>
<status status="PASS" starttime="20240126 13:20:35.580" endtime="20240126 13:20:43.724"/>
</kw>
<kw name="Então o formulario deve ser preenchido">
<kw name="Wait Until Element Is Visible" library="SeleniumLibrary">
<arg>${input_firstName}</arg>
<arg>10s</arg>
<doc>Waits until the element ``locator`` is visible.</doc>
<status status="PASS" starttime="20240126 13:20:43.726" endtime="20240126 13:20:43.778"/>
</kw>
<kw name="FakerLibrary.Name">
<var>${nome}</var>
<msg timestamp="20240126 13:20:43.782" level="FAIL">No keyword with name 'FakerLibrary.Name' found.</msg>
<status status="FAIL" starttime="20240126 13:20:43.781" endtime="20240126 13:20:43.782"/>
</kw>
<kw name="Input Text" library="SeleniumLibrary">
<arg>${input_firstName}</arg>
<arg>${nome}</arg>
<doc>Types the given ``text`` into the text field identified by ``locator``.</doc>
<status status="NOT RUN" starttime="20240126 13:20:43.782" endtime="20240126 13:20:43.782"/>
</kw>
<kw name="FakerLibrary.LastName">
<var>${sobrenome}</var>
<status status="NOT RUN" starttime="20240126 13:20:43.785" endtime="20240126 13:20:43.785"/>
</kw>
<kw name="Input Text" library="SeleniumLibrary">
<arg>${input_lastName}</arg>
<arg>${sobrenome}</arg>
<doc>Types the given ``text`` into the text field identified by ``locator``.</doc>
<status status="NOT RUN" starttime="20240126 13:20:43.785" endtime="20240126 13:20:43.785"/>
</kw>
<kw name="FakerLibrary.FreeEmail">
<var>${email}</var>
<status status="NOT RUN" starttime="20240126 13:20:43.790" endtime="20240126 13:20:43.790"/>
</kw>
<kw name="Input Text" library="SeleniumLibrary">
<arg>${input_userEmail}</arg>
<arg>${email}</arg>
<doc>Types the given ``text`` into the text field identified by ``locator``.</doc>
<status status="NOT RUN" starttime="20240126 13:20:43.790" endtime="20240126 13:20:43.791"/>
</kw>
<kw name="FakerLibrary.PhoneNumber">
<var>${telefone}</var>
<status status="NOT RUN" starttime="20240126 13:20:43.795" endtime="20240126 13:20:43.795"/>
</kw>
<kw name="Input Text" library="SeleniumLibrary">
<arg>${input_userNumber}</arg>
<arg>${telefone}</arg>
<doc>Types the given ``text`` into the text field identified by ``locator``.</doc>
<status status="NOT RUN" starttime="20240126 13:20:43.795" endtime="20240126 13:20:43.795"/>
</kw>
<kw name="FakerLibrary.Address">
<var>${endereço}</var>
<status status="NOT RUN" starttime="20240126 13:20:43.799" endtime="20240126 13:20:43.799"/>
</kw>
<kw name="Input Text" library="SeleniumLibrary">
<arg>${textarea_currentAddress}</arg>
<arg>${endereço}</arg>
<doc>Types the given ``text`` into the text field identified by ``locator``.</doc>
<status status="NOT RUN" starttime="20240126 13:20:43.799" endtime="20240126 13:20:43.799"/>
</kw>
<status status="FAIL" starttime="20240126 13:20:43.724" endtime="20240126 13:20:43.800"/>
</kw>
<status status="FAIL" starttime="20240126 13:20:35.580" endtime="20240126 13:20:43.800">No keyword with name 'FakerLibrary.Name' found.</status>
</test>
<status status="FAIL" starttime="20240126 13:20:35.301" endtime="20240126 13:20:43.801"/>
</suite>
<statistics>
<total>
<stat pass="0" fail="1" skip="0">All Tests</stat>
</total>
<tag>
</tag>
<suite>
<stat pass="0" fail="1" skip="0" id="s1" name="Form">Form</stat>
</suite>
</statistics>
<errors>
<msg timestamp="20240126 13:20:35.577" level="ERROR">Error in file 'C:\Users\natan\OneDrive\Imagens\Documentos\cursoRobotYt\aulas\aula11\form.robot' on line 3: Importing library 'FakerLibrary' failed: ModuleNotFoundError: No module named 'pkg_resources'
Traceback (most recent call last):
  File "C:\Users\natan\AppData\Local\Packages\PythonSoftwareFoundation.Python.3.12_qbz5n2kfra8p0\LocalCache\local-packages\Python312\site-packages\FakerLibrary\__init__.py", line 1, in &lt;module&gt;
    import pkg_resources
PYTHONPATH:
  C:\Users\natan\AppData\Local\Packages\PythonSoftwareFoundation.Python.3.12_qbz5n2kfra8p0\LocalCache\local-packages\Python312\Scripts\robot.exe
  C:\Program Files\WindowsApps\PythonSoftwareFoundation.Python.3.12_3.12.496.0_x64__qbz5n2kfra8p0\python312.zip
  C:\Program Files\WindowsApps\PythonSoftwareFoundation.Python.3.12_3.12.496.0_x64__qbz5n2kfra8p0\DLLs
  C:\Program Files\WindowsApps\PythonSoftwareFoundation.Python.3.12_3.12.496.0_x64__qbz5n2kfra8p0\Lib
  C:\Program Files\WindowsApps\PythonSoftwareFoundation.Python.3.12_3.12.496.0_x64__qbz5n2kfra8p0
  C:\Users\natan\AppData\Local\Packages\PythonSoftwareFoundation.Python.3.12_qbz5n2kfra8p0\LocalCache\local-packages\Python312\site-packages
  C:\Program Files\WindowsApps\PythonSoftwareFoundation.Python.3.12_3.12.496.0_x64__qbz5n2kfra8p0\Lib\site-packages</msg>
</errors>
</robot>
