<?xml version="1.0" encoding="UTF-8"?>
<robot generator="Robot 6.1.1 (Python 3.12.1 on win32)" generated="20240115 21:42:39.733" rpa="false" schemaversion="4">
<suite id="s1" name="Tc01" source="C:\Users\natan\OneDrive\Imagens\Documentos\cursoRobotYt\resoluçãoDaLista\OrangeHRM\tests\Employee\tc01.robot">
<test id="s1-t1" name="TC02 - Excluindo este funcionario" line="15">
<kw name="Dado que eu acesse o orangeHRM" library="login_Steps">
<kw name="Open Browser" library="SeleniumLibrary">
<arg>${URL}</arg>
<arg>${Browser}</arg>
<doc>Opens a new browser instance to the optional ``url``.</doc>
<msg timestamp="20240115 21:42:39.963" level="INFO">Opening browser 'chrome' to base url 'https://opensource-demo.orangehrmlive.com/web/index.php/auth/login'.</msg>
<status status="PASS" starttime="20240115 21:42:39.963" endtime="20240115 21:42:54.767"/>
</kw>
<kw name="Maximize Browser Window" library="SeleniumLibrary">
<doc>Maximizes current browser window.</doc>
<status status="PASS" starttime="20240115 21:42:54.768" endtime="20240115 21:42:54.908"/>
</kw>
<status status="PASS" starttime="20240115 21:42:39.961" endtime="20240115 21:42:54.908"/>
</kw>
<kw name="E faça o Login" library="login_Steps">
<kw name="Wait Until Element Is Visible" library="SeleniumLibrary">
<arg>${login.Input_Username}</arg>
<arg>10</arg>
<doc>Waits until the element ``locator`` is visible.</doc>
<status status="PASS" starttime="20240115 21:42:54.908" endtime="20240115 21:42:59.990"/>
</kw>
<kw name="Input Text" library="SeleniumLibrary">
<arg>${login.Input_Username}</arg>
<arg>${Username}</arg>
<doc>Types the given ``text`` into the text field identified by ``locator``.</doc>
<msg timestamp="20240115 21:42:59.991" level="INFO">Typing text 'Admin' into text field '//input[@name="username"]'.</msg>
<status status="PASS" starttime="20240115 21:42:59.990" endtime="20240115 21:43:00.160"/>
</kw>
<kw name="Wait Until Element Is Visible" library="SeleniumLibrary">
<arg>${login.Input_Password}</arg>
<arg>10</arg>
<doc>Waits until the element ``locator`` is visible.</doc>
<status status="PASS" starttime="20240115 21:43:00.160" endtime="20240115 21:43:00.190"/>
</kw>
<kw name="Input Text" library="SeleniumLibrary">
<arg>${login.Input_Password}</arg>
<arg>${Password}</arg>
<doc>Types the given ``text`` into the text field identified by ``locator``.</doc>
<msg timestamp="20240115 21:43:00.191" level="INFO">Typing text 'admin123' into text field '//input[@name="password"]'.</msg>
<status status="PASS" starttime="20240115 21:43:00.190" endtime="20240115 21:43:00.278"/>
</kw>
<kw name="Wait Until Element Is Visible" library="SeleniumLibrary">
<arg>${login.Button_Login}</arg>
<arg>10</arg>
<doc>Waits until the element ``locator`` is visible.</doc>
<status status="PASS" starttime="20240115 21:43:00.278" endtime="20240115 21:43:00.295"/>
</kw>
<kw name="Click Element" library="SeleniumLibrary">
<arg>${login.Button_Login}</arg>
<doc>Click the element identified by ``locator``.</doc>
<msg timestamp="20240115 21:43:00.297" level="INFO">Clicking element '//button[text()=' Login ']'.</msg>
<status status="PASS" starttime="20240115 21:43:00.295" endtime="20240115 21:43:00.338"/>
</kw>
<kw name="Sleep" library="BuiltIn">
<arg>5s</arg>
<doc>Pauses the test executed for the given time.</doc>
<msg timestamp="20240115 21:43:05.338" level="INFO">Slept 5 seconds</msg>
<status status="PASS" starttime="20240115 21:43:00.338" endtime="20240115 21:43:05.338"/>
</kw>
<status status="PASS" starttime="20240115 21:42:54.908" endtime="20240115 21:43:05.338"/>
</kw>
<kw name="E clique em PIM" library="add_Employee_Steps">
<kw name="Wait Until Element Is Visible" library="SeleniumLibrary">
<arg>${home.A_PIM}</arg>
<arg>10</arg>
<doc>Waits until the element ``locator`` is visible.</doc>
<status status="PASS" starttime="20240115 21:43:05.338" endtime="20240115 21:43:05.361"/>
</kw>
<kw name="Click Element" library="SeleniumLibrary">
<arg>${home.A_PIM}</arg>
<doc>Click the element identified by ``locator``.</doc>
<msg timestamp="20240115 21:43:05.363" level="INFO">Clicking element '//a[@href="/web/index.php/pim/viewPimModule"]'.</msg>
<status status="PASS" starttime="20240115 21:43:05.362" endtime="20240115 21:43:06.251"/>
</kw>
<status status="PASS" starttime="20240115 21:43:05.338" endtime="20240115 21:43:06.251"/>
</kw>
<kw name="E clique em Employee List" library="remove_Employee_Steps">
<kw name="Wait Until Element Is Visible" library="SeleniumLibrary">
<arg>${PIM.A_EmployeeList}</arg>
<arg>10</arg>
<doc>Waits until the element ``locator`` is visible.</doc>
<status status="PASS" starttime="20240115 21:43:06.252" endtime="20240115 21:43:06.701"/>
</kw>
<kw name="Click Element" library="SeleniumLibrary">
<arg>${PIM.A_EmployeeList}</arg>
<doc>Click the element identified by ``locator``.</doc>
<msg timestamp="20240115 21:43:06.701" level="INFO">Clicking element '//a[text()='Employee List']'.</msg>
<status status="PASS" starttime="20240115 21:43:06.701" endtime="20240115 21:43:07.270"/>
</kw>
<status status="PASS" starttime="20240115 21:43:06.252" endtime="20240115 21:43:07.271"/>
</kw>
<kw name="E preenche o primeiro nome do empregado" library="remove_Employee_Steps">
<kw name="Wait Until Element Is Visible" library="SeleniumLibrary">
<arg>${PIM.Input_EmployeeName}</arg>
<arg>10</arg>
<doc>Waits until the element ``locator`` is visible.</doc>
<status status="PASS" starttime="20240115 21:43:07.271" endtime="20240115 21:43:07.720"/>
</kw>
<kw name="Input Text" library="SeleniumLibrary">
<arg>${PIM.Input_EmployeeName}</arg>
<arg>${firstNameEmployee}</arg>
<doc>Types the given ``text`` into the text field identified by ``locator``.</doc>
<msg timestamp="20240115 21:43:07.721" level="INFO">Typing text 'Severino' into text field '(//input[@placeholder="Type for hints..."])[1]'.</msg>
<status status="PASS" starttime="20240115 21:43:07.720" endtime="20240115 21:43:07.800"/>
</kw>
<status status="PASS" starttime="20240115 21:43:07.271" endtime="20240115 21:43:07.800"/>
</kw>
<kw name="E clique em search" library="remove_Employee_Steps">
<kw name="Wait Until Element Is Visible" library="SeleniumLibrary">
<arg>${PIM.Button_Search}</arg>
<arg>10</arg>
<doc>Waits until the element ``locator`` is visible.</doc>
<status status="PASS" starttime="20240115 21:43:07.801" endtime="20240115 21:43:07.823"/>
</kw>
<kw name="Click Element" library="SeleniumLibrary">
<arg>${PIM.Button_Search}</arg>
<doc>Click the element identified by ``locator``.</doc>
<msg timestamp="20240115 21:43:07.823" level="INFO">Clicking element '//button[text()=' Search ']'.</msg>
<status status="PASS" starttime="20240115 21:43:07.823" endtime="20240115 21:43:07.869"/>
</kw>
<status status="PASS" starttime="20240115 21:43:07.801" endtime="20240115 21:43:07.869"/>
</kw>
<kw name="E clique em Remove Employee" library="remove_Employee_Steps">
<kw name="Wait Until Element Is Visible" library="SeleniumLibrary">
<arg>${PIM.Button_RemoveEmployee}</arg>
<arg>10</arg>
<doc>Waits until the element ``locator`` is visible.</doc>
<status status="PASS" starttime="20240115 21:43:07.869" endtime="20240115 21:43:08.518"/>
</kw>
<kw name="Click Element" library="SeleniumLibrary">
<arg>${PIM.Button_RemoveEmployee}</arg>
<doc>Click the element identified by ``locator``.</doc>
<msg timestamp="20240115 21:43:08.518" level="INFO">Clicking element '(//button[@class='oxd-icon-button oxd-table-cell-action-space'])[1]'.</msg>
<status status="PASS" starttime="20240115 21:43:08.518" endtime="20240115 21:43:08.560"/>
</kw>
<status status="PASS" starttime="20240115 21:43:07.869" endtime="20240115 21:43:08.560"/>
</kw>
<kw name="E clique em Yes, Delete" library="remove_Employee_Steps">
<kw name="Wait Until Element Is Visible" library="SeleniumLibrary">
<arg>${PIM.Button_Delete}</arg>
<arg>10</arg>
<doc>Waits until the element ``locator`` is visible.</doc>
<status status="PASS" starttime="20240115 21:43:08.561" endtime="20240115 21:43:08.810"/>
</kw>
<kw name="Click Element" library="SeleniumLibrary">
<arg>${PIM.Button_Delete}</arg>
<doc>Click the element identified by ``locator``.</doc>
<msg timestamp="20240115 21:43:08.812" level="INFO">Clicking element '//button[@class="oxd-button oxd-button--medium oxd-button--label-danger orangehrm-button-margin"]'.</msg>
<status status="PASS" starttime="20240115 21:43:08.810" endtime="20240115 21:43:08.853"/>
</kw>
<kw name="Sleep" library="BuiltIn">
<arg>5s</arg>
<doc>Pauses the test executed for the given time.</doc>
<msg timestamp="20240115 21:43:13.854" level="INFO">Slept 5 seconds</msg>
<status status="PASS" starttime="20240115 21:43:08.853" endtime="20240115 21:43:13.854"/>
</kw>
<status status="PASS" starttime="20240115 21:43:08.561" endtime="20240115 21:43:13.854"/>
</kw>
<kw name="Então o empregado é excluido" library="remove_Employee_Steps">
<kw name="Wait Until Element Is Visible" library="SeleniumLibrary">
<arg>${PIM.A_EmployeeList}</arg>
<arg>10</arg>
<doc>Waits until the element ``locator`` is visible.</doc>
<status status="PASS" starttime="20240115 21:43:13.854" endtime="20240115 21:43:13.869"/>
</kw>
<kw name="Click Element" library="SeleniumLibrary">
<arg>${PIM.A_EmployeeList}</arg>
<doc>Click the element identified by ``locator``.</doc>
<msg timestamp="20240115 21:43:13.870" level="INFO">Clicking element '//a[text()='Employee List']'.</msg>
<status status="PASS" starttime="20240115 21:43:13.869" endtime="20240115 21:43:14.364"/>
</kw>
<kw name="Sleep" library="BuiltIn">
<arg>5s</arg>
<doc>Pauses the test executed for the given time.</doc>
<msg timestamp="20240115 21:43:19.365" level="INFO">Slept 5 seconds</msg>
<status status="PASS" starttime="20240115 21:43:14.364" endtime="20240115 21:43:19.365"/>
</kw>
<kw name="Element Should Not Be Visible" library="SeleniumLibrary">
<arg>${PIM.Div_Prova}</arg>
<arg>10</arg>
<doc>Verifies that the element identified by ``locator`` is NOT visible.</doc>
<msg timestamp="20240115 21:43:19.377" level="INFO">Element '//div[text()='Severino Severo']' did not exist.</msg>
<status status="PASS" starttime="20240115 21:43:19.365" endtime="20240115 21:43:19.378"/>
</kw>
<status status="PASS" starttime="20240115 21:43:13.854" endtime="20240115 21:43:19.378"/>
</kw>
<kw name="E feche o navegador" library="login_Steps">
<kw name="Close Browser" library="SeleniumLibrary">
<doc>Closes the current browser.</doc>
<status status="PASS" starttime="20240115 21:43:19.378" endtime="20240115 21:43:21.619"/>
</kw>
<status status="PASS" starttime="20240115 21:43:19.378" endtime="20240115 21:43:21.619"/>
</kw>
<status status="PASS" starttime="20240115 21:42:39.961" endtime="20240115 21:43:21.619"/>
</test>
<status status="PASS" starttime="20240115 21:42:39.736" endtime="20240115 21:43:21.620"/>
</suite>
<statistics>
<total>
<stat pass="1" fail="0" skip="0">All Tests</stat>
</total>
<tag>
</tag>
<suite>
<stat pass="1" fail="0" skip="0" id="s1" name="Tc01">Tc01</stat>
</suite>
</statistics>
<errors>
</errors>
</robot>
