<?xml version="1.0" encoding="UTF-8"?>
<robot generator="Robot 6.1.1 (Python 3.12.1 on win32)" generated="20240115 12:37:32.270" rpa="false" schemaversion="4">
<suite id="s1" name="Tc01" source="C:\Users\natan\OneDrive\Imagens\Documentos\cursoRobotYt\resoluçãoDaLista\OrangeHRM\tests\Employee\tc01.robot">
<test id="s1-t1" name="TC01 - Criando um novo funcionario" line="5">
<kw name="Dado que eu acesse o orangeHRM" library="login_Steps">
<kw name="Open Browser" library="SeleniumLibrary">
<arg>${URL}</arg>
<arg>${Browser}</arg>
<doc>Opens a new browser instance to the optional ``url``.</doc>
<msg timestamp="20240115 12:37:32.523" level="INFO">Opening browser 'chrome' to base url 'https://opensource-demo.orangehrmlive.com/web/index.php/auth/login'.</msg>
<status status="PASS" starttime="20240115 12:37:32.523" endtime="20240115 12:37:37.713"/>
</kw>
<kw name="Maximize Browser Window" library="SeleniumLibrary">
<doc>Maximizes current browser window.</doc>
<status status="PASS" starttime="20240115 12:37:37.713" endtime="20240115 12:37:37.828"/>
</kw>
<status status="PASS" starttime="20240115 12:37:32.523" endtime="20240115 12:37:37.828"/>
</kw>
<kw name="E faça o Login" library="login_Steps">
<kw name="Wait Until Element Is Visible" library="SeleniumLibrary">
<arg>${login.Input_Username}</arg>
<arg>10</arg>
<doc>Waits until the element ``locator`` is visible.</doc>
<status status="PASS" starttime="20240115 12:37:37.829" endtime="20240115 12:37:38.160"/>
</kw>
<kw name="Input Text" library="SeleniumLibrary">
<arg>${login.Input_Username}</arg>
<arg>${Username}</arg>
<doc>Types the given ``text`` into the text field identified by ``locator``.</doc>
<msg timestamp="20240115 12:37:38.162" level="INFO">Typing text 'Admin' into text field '//input[@name="username"]'.</msg>
<status status="PASS" starttime="20240115 12:37:38.160" endtime="20240115 12:37:38.256"/>
</kw>
<kw name="Wait Until Element Is Visible" library="SeleniumLibrary">
<arg>${login.Input_Password}</arg>
<arg>10</arg>
<doc>Waits until the element ``locator`` is visible.</doc>
<status status="PASS" starttime="20240115 12:37:38.256" endtime="20240115 12:37:38.280"/>
</kw>
<kw name="Input Text" library="SeleniumLibrary">
<arg>${login.Input_Password}</arg>
<arg>${Password}</arg>
<doc>Types the given ``text`` into the text field identified by ``locator``.</doc>
<msg timestamp="20240115 12:37:38.281" level="INFO">Typing text 'admin123' into text field '//input[@name="password"]'.</msg>
<status status="PASS" starttime="20240115 12:37:38.280" endtime="20240115 12:37:38.405"/>
</kw>
<kw name="Wait Until Element Is Visible" library="SeleniumLibrary">
<arg>${login.Button_Login}</arg>
<arg>10</arg>
<doc>Waits until the element ``locator`` is visible.</doc>
<status status="PASS" starttime="20240115 12:37:38.405" endtime="20240115 12:37:38.422"/>
</kw>
<kw name="Click Element" library="SeleniumLibrary">
<arg>${login.Button_Login}</arg>
<doc>Click the element identified by ``locator``.</doc>
<msg timestamp="20240115 12:37:38.423" level="INFO">Clicking element '//button[text()=' Login ']'.</msg>
<status status="PASS" starttime="20240115 12:37:38.422" endtime="20240115 12:37:39.661"/>
</kw>
<kw name="Sleep" library="BuiltIn">
<arg>5s</arg>
<doc>Pauses the test executed for the given time.</doc>
<msg timestamp="20240115 12:37:44.663" level="INFO">Slept 5 seconds</msg>
<status status="PASS" starttime="20240115 12:37:39.661" endtime="20240115 12:37:44.663"/>
</kw>
<status status="PASS" starttime="20240115 12:37:37.829" endtime="20240115 12:37:44.663"/>
</kw>
<kw name="E clique em PIM" library="add_Employee_Steps">
<kw name="Wait Until Element Is Visible" library="SeleniumLibrary">
<arg>${home.A_PIM}</arg>
<arg>10</arg>
<doc>Waits until the element ``locator`` is visible.</doc>
<status status="PASS" starttime="20240115 12:37:44.663" endtime="20240115 12:37:44.683"/>
</kw>
<kw name="Click Element" library="SeleniumLibrary">
<arg>${home.A_PIM}</arg>
<doc>Click the element identified by ``locator``.</doc>
<msg timestamp="20240115 12:37:44.684" level="INFO">Clicking element '//a[@href="/web/index.php/pim/viewPimModule"]'.</msg>
<status status="PASS" starttime="20240115 12:37:44.683" endtime="20240115 12:37:45.590"/>
</kw>
<status status="PASS" starttime="20240115 12:37:44.663" endtime="20240115 12:37:45.590"/>
</kw>
<kw name="E clique em Add Employee" library="add_Employee_Steps">
<kw name="Wait Until Element Is Visible" library="SeleniumLibrary">
<arg>${PIM.A_AddEmployee}</arg>
<arg>10</arg>
<doc>Waits until the element ``locator`` is visible.</doc>
<status status="PASS" starttime="20240115 12:37:45.590" endtime="20240115 12:37:46.047"/>
</kw>
<kw name="Click Element" library="SeleniumLibrary">
<arg>${PIM.A_AddEmployee}</arg>
<doc>Click the element identified by ``locator``.</doc>
<msg timestamp="20240115 12:37:46.047" level="INFO">Clicking element '//a[text()='Add Employee']'.</msg>
<status status="PASS" starttime="20240115 12:37:46.047" endtime="20240115 12:37:46.745"/>
</kw>
<status status="PASS" starttime="20240115 12:37:45.590" endtime="20240115 12:37:46.745"/>
</kw>
<kw name="E preenche os dados de cadastro" library="add_Employee_Steps">
<kw name="Wait Until Element Is Visible" library="SeleniumLibrary">
<arg>${PIM.Input_FirstName}</arg>
<arg>10</arg>
<doc>Waits until the element ``locator`` is visible.</doc>
<status status="PASS" starttime="20240115 12:37:46.747" endtime="20240115 12:37:47.185"/>
</kw>
<kw name="Input Text" library="SeleniumLibrary">
<arg>${PIM.Input_FirstName}</arg>
<arg>${firstNameEmployee}</arg>
<doc>Types the given ``text`` into the text field identified by ``locator``.</doc>
<msg timestamp="20240115 12:37:47.187" level="INFO">Typing text 'Severino' into text field '//input[@name="firstName"]'.</msg>
<status status="PASS" starttime="20240115 12:37:47.186" endtime="20240115 12:37:47.272"/>
</kw>
<kw name="Wait Until Element Is Visible" library="SeleniumLibrary">
<arg>${PIM.Input_MiddleName}</arg>
<arg>10</arg>
<doc>Waits until the element ``locator`` is visible.</doc>
<status status="PASS" starttime="20240115 12:37:47.272" endtime="20240115 12:37:47.294"/>
</kw>
<kw name="Input Text" library="SeleniumLibrary">
<arg>${PIM.Input_MiddleName}</arg>
<arg>${middleNameEmployee}</arg>
<doc>Types the given ``text`` into the text field identified by ``locator``.</doc>
<msg timestamp="20240115 12:37:47.295" level="INFO">Typing text 'Severo' into text field '//input[@name="middleName"]'.</msg>
<status status="PASS" starttime="20240115 12:37:47.294" endtime="20240115 12:37:47.369"/>
</kw>
<kw name="Wait Until Element Is Visible" library="SeleniumLibrary">
<arg>${PIM.Input_LastName}</arg>
<arg>10</arg>
<doc>Waits until the element ``locator`` is visible.</doc>
<status status="PASS" starttime="20240115 12:37:47.369" endtime="20240115 12:37:47.386"/>
</kw>
<kw name="Input Text" library="SeleniumLibrary">
<arg>${PIM.Input_LastName}</arg>
<arg>${lastNameEmployee}</arg>
<doc>Types the given ``text`` into the text field identified by ``locator``.</doc>
<msg timestamp="20240115 12:37:47.387" level="INFO">Typing text 'De Severina Pereira Silva' into text field '//input[@name="lastName"]'.</msg>
<status status="PASS" starttime="20240115 12:37:47.386" endtime="20240115 12:37:47.499"/>
</kw>
<kw name="Wait Until Element Is Visible" library="SeleniumLibrary">
<arg>${PIM.Input_EmployeeId}</arg>
<arg>10</arg>
<doc>Waits until the element ``locator`` is visible.</doc>
<status status="PASS" starttime="20240115 12:37:47.499" endtime="20240115 12:37:47.522"/>
</kw>
<kw name="Input Text" library="SeleniumLibrary">
<arg>${PIM.Input_EmployeeId}</arg>
<arg>${EmployeeId}</arg>
<doc>Types the given ``text`` into the text field identified by ``locator``.</doc>
<msg timestamp="20240115 12:37:47.523" level="INFO">Typing text '123' into text field '(//input[@class="oxd-input oxd-input--active"])[2]'.</msg>
<status status="PASS" starttime="20240115 12:37:47.522" endtime="20240115 12:37:47.599"/>
</kw>
<status status="PASS" starttime="20240115 12:37:46.747" endtime="20240115 12:37:47.599"/>
</kw>
<kw name="E adicione foto do funcionario" library="add_Employee_Steps">
<kw name="Execute Javascript" library="SeleniumLibrary">
<arg>document.querySelector('.oxd-file-input').style.display = 'block';</arg>
<doc>Executes the given JavaScript code with possible arguments.</doc>
<msg timestamp="20240115 12:37:47.600" level="INFO">Executing JavaScript:
document.querySelector('.oxd-file-input').style.display = 'block';
Without any arguments.</msg>
<status status="PASS" starttime="20240115 12:37:47.600" endtime="20240115 12:37:47.604"/>
</kw>
<kw name="Choose File" library="SeleniumLibrary">
<arg>${PIM.Input_EmployeeImage_File}</arg>
<arg>C:\\Users\\natan\\OneDrive\\Imagens\\Documentos\\cursoRobotYt\\resoluçãoDaLista\\OrangeHRM\\steps\\add_Employee${/}${EmployeeImage}</arg>
<doc>Inputs the ``file_path`` into the file input field ``locator``.</doc>
<msg timestamp="20240115 12:37:47.605" level="INFO">Sending C:\Users\natan\OneDrive\Imagens\Documentos\cursoRobotYt\resoluçãoDaLista\OrangeHRM\steps\add_Employee\severino.jpg to browser.</msg>
<status status="PASS" starttime="20240115 12:37:47.604" endtime="20240115 12:37:47.636"/>
</kw>
<status status="PASS" starttime="20240115 12:37:47.600" endtime="20240115 12:37:47.636"/>
</kw>
<kw name="E clique em save" library="add_Employee_Steps">
<kw name="Wait Until Element Is Visible" library="SeleniumLibrary">
<arg>${PIM.Button_Save}</arg>
<arg>10</arg>
<doc>Waits until the element ``locator`` is visible.</doc>
<status status="PASS" starttime="20240115 12:37:47.637" endtime="20240115 12:37:47.664"/>
</kw>
<kw name="Click Element" library="SeleniumLibrary">
<arg>${PIM.Button_Save}</arg>
<doc>Click the element identified by ``locator``.</doc>
<msg timestamp="20240115 12:37:47.665" level="INFO">Clicking element '//button[text()=' Save ']'.</msg>
<status status="PASS" starttime="20240115 12:37:47.664" endtime="20240115 12:37:48.085"/>
</kw>
<kw name="Sleep" library="BuiltIn">
<arg>10s</arg>
<doc>Pauses the test executed for the given time.</doc>
<msg timestamp="20240115 12:37:58.085" level="INFO">Slept 10 seconds</msg>
<status status="PASS" starttime="20240115 12:37:48.085" endtime="20240115 12:37:58.085"/>
</kw>
<status status="PASS" starttime="20240115 12:37:47.637" endtime="20240115 12:37:58.085"/>
</kw>
<status status="PASS" starttime="20240115 12:37:32.522" endtime="20240115 12:37:58.086"/>
</test>
<test id="s1-t2" name="TC02 - Excluindo este funcionario" line="15">
<kw name="E clique em Employee List" library="remove_Employee_Steps">
<kw name="Wait Until Element Is Visible" library="SeleniumLibrary">
<arg>${PIM.A_EmployeeList}</arg>
<arg>10</arg>
<doc>Waits until the element ``locator`` is visible.</doc>
<status status="PASS" starttime="20240115 12:37:58.088" endtime="20240115 12:37:58.111"/>
</kw>
<kw name="Click Element" library="SeleniumLibrary">
<arg>${PIM.A_EmployeeList}</arg>
<doc>Click the element identified by ``locator``.</doc>
<msg timestamp="20240115 12:37:58.112" level="INFO">Clicking element '//a[text()='Employee List']'.</msg>
<status status="PASS" starttime="20240115 12:37:58.111" endtime="20240115 12:37:58.627"/>
</kw>
<status status="PASS" starttime="20240115 12:37:58.088" endtime="20240115 12:37:58.627"/>
</kw>
<kw name="E preenche o primeiro nome do empregado" library="remove_Employee_Steps">
<kw name="Wait Until Element Is Visible" library="SeleniumLibrary">
<arg>${PIM.Input_EmployeeName}</arg>
<arg>10</arg>
<doc>Waits until the element ``locator`` is visible.</doc>
<status status="PASS" starttime="20240115 12:37:58.627" endtime="20240115 12:37:59.069"/>
</kw>
<kw name="Input Text" library="SeleniumLibrary">
<arg>${PIM.Input_EmployeeName}</arg>
<arg>${firstNameEmployee}</arg>
<doc>Types the given ``text`` into the text field identified by ``locator``.</doc>
<msg timestamp="20240115 12:37:59.070" level="INFO">Typing text 'Severino' into text field '(//input[@placeholder="Type for hints..."])[1]'.</msg>
<status status="PASS" starttime="20240115 12:37:59.069" endtime="20240115 12:37:59.156"/>
</kw>
<status status="PASS" starttime="20240115 12:37:58.627" endtime="20240115 12:37:59.156"/>
</kw>
<kw name="E clique em search" library="remove_Employee_Steps">
<kw name="Wait Until Element Is Visible" library="SeleniumLibrary">
<arg>${PIM.Button_Search}</arg>
<arg>10</arg>
<doc>Waits until the element ``locator`` is visible.</doc>
<status status="PASS" starttime="20240115 12:37:59.157" endtime="20240115 12:37:59.176"/>
</kw>
<kw name="Click Element" library="SeleniumLibrary">
<arg>${PIM.Button_Search}</arg>
<doc>Click the element identified by ``locator``.</doc>
<msg timestamp="20240115 12:37:59.177" level="INFO">Clicking element '//button[text()=' Search ']'.</msg>
<status status="PASS" starttime="20240115 12:37:59.176" endtime="20240115 12:37:59.221"/>
</kw>
<status status="PASS" starttime="20240115 12:37:59.157" endtime="20240115 12:37:59.221"/>
</kw>
<kw name="E clique em Remove Employee" library="remove_Employee_Steps">
<kw name="Wait Until Element Is Visible" library="SeleniumLibrary">
<arg>${PIM.Button_RemoveEmployee}</arg>
<arg>10</arg>
<doc>Waits until the element ``locator`` is visible.</doc>
<status status="PASS" starttime="20240115 12:37:59.222" endtime="20240115 12:37:59.660"/>
</kw>
<kw name="Click Element" library="SeleniumLibrary">
<arg>${PIM.Button_RemoveEmployee}</arg>
<doc>Click the element identified by ``locator``.</doc>
<msg timestamp="20240115 12:37:59.661" level="INFO">Clicking element '(//button[@class='oxd-icon-button oxd-table-cell-action-space'])[1]'.</msg>
<status status="PASS" starttime="20240115 12:37:59.660" endtime="20240115 12:37:59.696"/>
</kw>
<status status="PASS" starttime="20240115 12:37:59.221" endtime="20240115 12:37:59.696"/>
</kw>
<kw name="E clique em Yes, Delete" library="remove_Employee_Steps">
<kw name="Wait Until Element Is Visible" library="SeleniumLibrary">
<arg>${PIM.Button_Delete}</arg>
<arg>10</arg>
<doc>Waits until the element ``locator`` is visible.</doc>
<status status="PASS" starttime="20240115 12:37:59.697" endtime="20240115 12:37:59.720"/>
</kw>
<kw name="Click Element" library="SeleniumLibrary">
<arg>${PIM.Button_Delete}</arg>
<doc>Click the element identified by ``locator``.</doc>
<msg timestamp="20240115 12:37:59.721" level="INFO">Clicking element '//button[@class="oxd-button oxd-button--medium oxd-button--label-danger orangehrm-button-margin"]'.</msg>
<status status="PASS" starttime="20240115 12:37:59.721" endtime="20240115 12:37:59.777"/>
</kw>
<kw name="Sleep" library="BuiltIn">
<arg>5s</arg>
<doc>Pauses the test executed for the given time.</doc>
<msg timestamp="20240115 12:38:04.777" level="INFO">Slept 5 seconds</msg>
<status status="PASS" starttime="20240115 12:37:59.777" endtime="20240115 12:38:04.777"/>
</kw>
<status status="PASS" starttime="20240115 12:37:59.697" endtime="20240115 12:38:04.777"/>
</kw>
<kw name="E feche o navegador" library="login_Steps">
<kw name="Close Browser" library="SeleniumLibrary">
<doc>Closes the current browser.</doc>
<status status="PASS" starttime="20240115 12:38:04.777" endtime="20240115 12:38:07.024"/>
</kw>
<status status="PASS" starttime="20240115 12:38:04.777" endtime="20240115 12:38:07.024"/>
</kw>
<status status="PASS" starttime="20240115 12:37:58.087" endtime="20240115 12:38:07.025"/>
</test>
<status status="PASS" starttime="20240115 12:37:32.272" endtime="20240115 12:38:07.026"/>
</suite>
<statistics>
<total>
<stat pass="2" fail="0" skip="0">All Tests</stat>
</total>
<tag>
</tag>
<suite>
<stat pass="2" fail="0" skip="0" id="s1" name="Tc01">Tc01</stat>
</suite>
</statistics>
<errors>
</errors>
</robot>
