<?xml version="1.0" encoding="UTF-8"?>
<robot generator="Robot 6.1.1 (Python 3.12.1 on win32)" generated="20240122 15:32:41.379" rpa="false" schemaversion="4">
<suite id="s1" name="Usuarios" source="C:\Users\natan\OneDrive\Imagens\Documentos\cursoRobotYt\aulas\aula10\suites\usuarios">
<suite id="s1-s1" name="Usuarios" source="C:\Users\natan\OneDrive\Imagens\Documentos\cursoRobotYt\aulas\aula10\suites\usuarios\usuarios.robot">
<test id="s1-s1-t1" name="TC01 - Cadastrar 3 usuários" line="7">
<kw name="Acessar site e logar" library="setups_teardowns" type="SETUP">
<kw name="Open Browser" library="SeleniumLibrary">
<arg>${setup.URL}</arg>
<arg>${setup.Browser}</arg>
<doc>Opens a new browser instance to the optional ``url``.</doc>
<msg timestamp="20240122 15:32:41.615" level="INFO">Opening browser 'chrome' to base url 'https://opensource-demo.orangehrmlive.com/web/index.php/auth/login'.</msg>
<status status="PASS" starttime="20240122 15:32:41.614" endtime="20240122 15:32:44.642"/>
</kw>
<kw name="Maximize Browser Window" library="SeleniumLibrary">
<doc>Maximizes current browser window.</doc>
<status status="PASS" starttime="20240122 15:32:44.642" endtime="20240122 15:32:46.705"/>
</kw>
<kw name="Wait Until Element Is Visible" library="SeleniumLibrary">
<arg>${login.Input_Username}</arg>
<arg>10s</arg>
<doc>Waits until the element ``locator`` is visible.</doc>
<status status="PASS" starttime="20240122 15:32:46.705" endtime="20240122 15:32:47.037"/>
</kw>
<kw name="Input Text" library="SeleniumLibrary">
<arg>${login.Input_Username}</arg>
<arg>${setup.User}</arg>
<doc>Types the given ``text`` into the text field identified by ``locator``.</doc>
<msg timestamp="20240122 15:32:47.038" level="INFO">Typing text 'Admin' into text field '//input[@name="username"]'.</msg>
<status status="PASS" starttime="20240122 15:32:47.037" endtime="20240122 15:32:47.257"/>
</kw>
<kw name="Wait Until Element Is Visible" library="SeleniumLibrary">
<arg>${login.Input_Password}</arg>
<doc>Waits until the element ``locator`` is visible.</doc>
<status status="PASS" starttime="20240122 15:32:47.258" endtime="20240122 15:32:47.308"/>
</kw>
<kw name="Input Text" library="SeleniumLibrary">
<arg>${login.Input_Password}</arg>
<arg>${setup.Password}</arg>
<doc>Types the given ``text`` into the text field identified by ``locator``.</doc>
<msg timestamp="20240122 15:32:47.311" level="INFO">Typing text 'admin123' into text field '//input[@name="password"]'.</msg>
<status status="PASS" starttime="20240122 15:32:47.308" endtime="20240122 15:32:47.417"/>
</kw>
<kw name="Wait Until Element Is Visible" library="SeleniumLibrary">
<arg>${login.Btn_Login}</arg>
<doc>Waits until the element ``locator`` is visible.</doc>
<status status="PASS" starttime="20240122 15:32:47.418" endtime="20240122 15:32:47.440"/>
</kw>
<kw name="Click Element" library="SeleniumLibrary">
<arg>${login.Btn_Login}</arg>
<doc>Click the element identified by ``locator``.</doc>
<msg timestamp="20240122 15:32:47.441" level="INFO">Clicking element '//button[text()=' Login ']'.</msg>
<status status="PASS" starttime="20240122 15:32:47.440" endtime="20240122 15:32:47.484"/>
</kw>
<kw name="Wait Until Element Is Visible" library="SeleniumLibrary">
<arg>${home.H1_Title}</arg>
<doc>Waits until the element ``locator`` is visible.</doc>
<status status="PASS" starttime="20240122 15:32:47.484" endtime="20240122 15:32:48.984"/>
</kw>
<status status="PASS" starttime="20240122 15:32:41.614" endtime="20240122 15:32:48.984"/>
</kw>
<kw name="Dado que eu acesse a opção PIM no menu" library="home_page">
<kw name="Wait Until Element Is Visible" library="SeleniumLibrary">
<arg>${home.Opcao_PIM_Menu}</arg>
<doc>Waits until the element ``locator`` is visible.</doc>
<status status="PASS" starttime="20240122 15:32:48.985" endtime="20240122 15:32:49.002"/>
</kw>
<kw name="Click Element" library="SeleniumLibrary">
<arg>${home.Opcao_PIM_Menu}</arg>
<doc>Click the element identified by ``locator``.</doc>
<msg timestamp="20240122 15:32:49.003" level="INFO">Clicking element '//a[@href="/web/index.php/pim/viewPimModule"]'.</msg>
<status status="PASS" starttime="20240122 15:32:49.002" endtime="20240122 15:32:50.409"/>
</kw>
<status status="PASS" starttime="20240122 15:32:48.984" endtime="20240122 15:32:50.409"/>
</kw>
<kw name="E clico em &quot;Add Employee&quot;" library="home_page">
<kw name="Wait Until Element Is Visible" library="SeleniumLibrary">
<arg>${home.Btn_Add_New_Employee}</arg>
<doc>Waits until the element ``locator`` is visible.</doc>
<status status="PASS" starttime="20240122 15:32:50.409" endtime="20240122 15:32:50.847"/>
</kw>
<kw name="Click Element" library="SeleniumLibrary">
<arg>${home.Btn_Add_New_Employee}</arg>
<doc>Click the element identified by ``locator``.</doc>
<msg timestamp="20240122 15:32:50.848" level="INFO">Clicking element '//a[text()='Add Employee']'.</msg>
<status status="PASS" starttime="20240122 15:32:50.847" endtime="20240122 15:32:51.333"/>
</kw>
<status status="PASS" starttime="20240122 15:32:50.409" endtime="20240122 15:32:51.334"/>
</kw>
<kw name="Então adiciono 5 novos usuários" library="new_employee_page" sourcename="Então adiciono ${Quantidade} novos usuários">
<for flavor="IN RANGE">
<var>${i}</var>
<value>${Quantidade}</value>
<iter>
<var name="${i}">0</var>
<kw name="Wait Until Element Is Visible" library="SeleniumLibrary">
<arg>${new_employee.Input_FirstName}</arg>
<doc>Waits until the element ``locator`` is visible.</doc>
<status status="PASS" starttime="20240122 15:32:51.334" endtime="20240122 15:32:51.777"/>
</kw>
<kw name="Input Text" library="SeleniumLibrary">
<arg>${new_employee.Input_FirstName}</arg>
<arg>${employee.First_Name} ${i}</arg>
<doc>Types the given ``text`` into the text field identified by ``locator``.</doc>
<msg timestamp="20240122 15:32:51.778" level="INFO">Typing text 'Severino 0' into text field '//input[@name="firstName"]'.</msg>
<status status="PASS" starttime="20240122 15:32:51.777" endtime="20240122 15:32:51.864"/>
</kw>
<kw name="Input Text" library="SeleniumLibrary">
<arg>${new_employee.Input_MiddleName}</arg>
<arg>${employee.Middle_Name}</arg>
<doc>Types the given ``text`` into the text field identified by ``locator``.</doc>
<msg timestamp="20240122 15:32:51.865" level="INFO">Typing text 'Severo' into text field '//input[@name="middleName"]'.</msg>
<status status="PASS" starttime="20240122 15:32:51.864" endtime="20240122 15:32:51.952"/>
</kw>
<kw name="Input Text" library="SeleniumLibrary">
<arg>${new_employee.Input_LastName}</arg>
<arg>${employee.Last_Name}</arg>
<doc>Types the given ``text`` into the text field identified by ``locator``.</doc>
<msg timestamp="20240122 15:32:51.954" level="INFO">Typing text 'de Severina' into text field '//input[@name="lastName"]'.</msg>
<status status="PASS" starttime="20240122 15:32:51.952" endtime="20240122 15:32:52.047"/>
</kw>
<kw name="Choose File" library="SeleniumLibrary">
<arg>${new_employee.Photo_Input}</arg>
<arg>${employee.Profile_Photo}</arg>
<doc>Inputs the ``file_path`` into the file input field ``locator``.</doc>
<msg timestamp="20240122 15:32:52.049" level="INFO">Sending C:\Users\natan\OneDrive\Imagens\Documentos\cursoRobotYt\aulas\aula10\resources\data\severino.jpg to browser.</msg>
<status status="PASS" starttime="20240122 15:32:52.048" endtime="20240122 15:32:52.078"/>
</kw>
<kw name="Click Element" library="SeleniumLibrary">
<arg>${new_employee.Btn_Save}</arg>
<doc>Click the element identified by ``locator``.</doc>
<msg timestamp="20240122 15:32:52.079" level="INFO">Clicking element '//button[text()=' Save ']'.</msg>
<status status="PASS" starttime="20240122 15:32:52.078" endtime="20240122 15:32:52.442"/>
</kw>
<kw name="Wait Until Element Is Visible" library="SeleniumLibrary">
<arg>${new_employee.Title_Registred_Employee}</arg>
<arg>10s</arg>
<doc>Waits until the element ``locator`` is visible.</doc>
<status status="PASS" starttime="20240122 15:32:52.442" endtime="20240122 15:32:56.853"/>
</kw>
<kw name="Element Should Be Visible" library="SeleniumLibrary">
<arg>${new_employee.Title_Registred_Employee}</arg>
<doc>Verifies that the element identified by ``locator`` is visible.</doc>
<msg timestamp="20240122 15:32:56.868" level="INFO">Element '//h6[text()="Personal Details"]' is displayed.</msg>
<status status="PASS" starttime="20240122 15:32:56.854" endtime="20240122 15:32:56.870"/>
</kw>
<kw name="E clico em &quot;Add Employee&quot;" library="home_page">
<kw name="Wait Until Element Is Visible" library="SeleniumLibrary">
<arg>${home.Btn_Add_New_Employee}</arg>
<doc>Waits until the element ``locator`` is visible.</doc>
<status status="PASS" starttime="20240122 15:32:56.870" endtime="20240122 15:32:56.890"/>
</kw>
<kw name="Click Element" library="SeleniumLibrary">
<arg>${home.Btn_Add_New_Employee}</arg>
<doc>Click the element identified by ``locator``.</doc>
<msg timestamp="20240122 15:32:56.891" level="INFO">Clicking element '//a[text()='Add Employee']'.</msg>
<status status="PASS" starttime="20240122 15:32:56.891" endtime="20240122 15:32:57.434"/>
</kw>
<status status="PASS" starttime="20240122 15:32:56.870" endtime="20240122 15:32:57.434"/>
</kw>
<status status="PASS" starttime="20240122 15:32:51.334" endtime="20240122 15:32:57.434"/>
</iter>
<iter>
<var name="${i}">1</var>
<kw name="Wait Until Element Is Visible" library="SeleniumLibrary">
<arg>${new_employee.Input_FirstName}</arg>
<doc>Waits until the element ``locator`` is visible.</doc>
<status status="PASS" starttime="20240122 15:32:57.434" endtime="20240122 15:32:58.098"/>
</kw>
<kw name="Input Text" library="SeleniumLibrary">
<arg>${new_employee.Input_FirstName}</arg>
<arg>${employee.First_Name} ${i}</arg>
<doc>Types the given ``text`` into the text field identified by ``locator``.</doc>
<msg timestamp="20240122 15:32:58.100" level="INFO">Typing text 'Severino 1' into text field '//input[@name="firstName"]'.</msg>
<status status="PASS" starttime="20240122 15:32:58.098" endtime="20240122 15:32:58.196"/>
</kw>
<kw name="Input Text" library="SeleniumLibrary">
<arg>${new_employee.Input_MiddleName}</arg>
<arg>${employee.Middle_Name}</arg>
<doc>Types the given ``text`` into the text field identified by ``locator``.</doc>
<msg timestamp="20240122 15:32:58.197" level="INFO">Typing text 'Severo' into text field '//input[@name="middleName"]'.</msg>
<status status="PASS" starttime="20240122 15:32:58.196" endtime="20240122 15:32:58.282"/>
</kw>
<kw name="Input Text" library="SeleniumLibrary">
<arg>${new_employee.Input_LastName}</arg>
<arg>${employee.Last_Name}</arg>
<doc>Types the given ``text`` into the text field identified by ``locator``.</doc>
<msg timestamp="20240122 15:32:58.284" level="INFO">Typing text 'de Severina' into text field '//input[@name="lastName"]'.</msg>
<status status="PASS" starttime="20240122 15:32:58.283" endtime="20240122 15:32:58.378"/>
</kw>
<kw name="Choose File" library="SeleniumLibrary">
<arg>${new_employee.Photo_Input}</arg>
<arg>${employee.Profile_Photo}</arg>
<doc>Inputs the ``file_path`` into the file input field ``locator``.</doc>
<msg timestamp="20240122 15:32:58.379" level="INFO">Sending C:\Users\natan\OneDrive\Imagens\Documentos\cursoRobotYt\aulas\aula10\resources\data\severino.jpg to browser.</msg>
<status status="PASS" starttime="20240122 15:32:58.378" endtime="20240122 15:32:58.398"/>
</kw>
<kw name="Click Element" library="SeleniumLibrary">
<arg>${new_employee.Btn_Save}</arg>
<doc>Click the element identified by ``locator``.</doc>
<msg timestamp="20240122 15:32:58.399" level="INFO">Clicking element '//button[text()=' Save ']'.</msg>
<status status="PASS" starttime="20240122 15:32:58.398" endtime="20240122 15:32:58.829"/>
</kw>
<kw name="Wait Until Element Is Visible" library="SeleniumLibrary">
<arg>${new_employee.Title_Registred_Employee}</arg>
<arg>10s</arg>
<doc>Waits until the element ``locator`` is visible.</doc>
<msg timestamp="20240122 15:33:09.160" level="INFO" html="true">&lt;/td&gt;&lt;/tr&gt;&lt;tr&gt;&lt;td colspan="3"&gt;&lt;a href="selenium-screenshot-3.png"&gt;&lt;img src="selenium-screenshot-3.png" width="800px"&gt;&lt;/a&gt;</msg>
<msg timestamp="20240122 15:33:09.160" level="FAIL">Element '//h6[text()="Personal Details"]' not visible after 10 seconds.</msg>
<status status="FAIL" starttime="20240122 15:32:58.829" endtime="20240122 15:33:09.162"/>
</kw>
<kw name="Element Should Be Visible" library="SeleniumLibrary">
<arg>${new_employee.Title_Registred_Employee}</arg>
<doc>Verifies that the element identified by ``locator`` is visible.</doc>
<status status="NOT RUN" starttime="20240122 15:33:09.162" endtime="20240122 15:33:09.162"/>
</kw>
<kw name="E clico em &quot;Add Employee&quot;" library="home_page">
<status status="NOT RUN" starttime="20240122 15:33:09.163" endtime="20240122 15:33:09.163"/>
</kw>
<status status="FAIL" starttime="20240122 15:32:57.434" endtime="20240122 15:33:09.163"/>
</iter>
<status status="FAIL" starttime="20240122 15:32:51.334" endtime="20240122 15:33:09.163"/>
</for>
<status status="FAIL" starttime="20240122 15:32:51.334" endtime="20240122 15:33:09.163"/>
</kw>
<kw name="Fechar navegador" library="setups_teardowns" type="TEARDOWN">
<kw name="Close Browser" library="SeleniumLibrary">
<doc>Closes the current browser.</doc>
<status status="PASS" starttime="20240122 15:33:09.164" endtime="20240122 15:33:11.449"/>
</kw>
<status status="PASS" starttime="20240122 15:33:09.164" endtime="20240122 15:33:11.450"/>
</kw>
<tag>TC01</tag>
<tag>Usuarios</tag>
<status status="FAIL" starttime="20240122 15:32:41.613" endtime="20240122 15:33:11.450">Element '//h6[text()="Personal Details"]' not visible after 10 seconds.</status>
</test>
<status status="FAIL" starttime="20240122 15:32:41.406" endtime="20240122 15:33:11.451"/>
</suite>
<status status="FAIL" starttime="20240122 15:32:41.381" endtime="20240122 15:33:11.453"/>
</suite>
<statistics>
<total>
<stat pass="0" fail="1" skip="0">All Tests</stat>
</total>
<tag>
<stat pass="0" fail="1" skip="0">TC01</stat>
<stat pass="0" fail="1" skip="0">Usuarios</stat>
</tag>
<suite>
<stat pass="0" fail="1" skip="0" id="s1" name="Usuarios">Usuarios</stat>
<stat pass="0" fail="1" skip="0" id="s1-s1" name="Usuarios">Usuarios.Usuarios</stat>
</suite>
</statistics>
<errors>
</errors>
</robot>
