<?xml version="1.0" encoding="UTF-8"?>
<robot generator="Robot 6.1.1 (Python 3.12.1 on win32)" generated="20240131 21:12:58.962" rpa="false" schemaversion="4">
<suite id="s1" name="For" source="C:\Users\natan\OneDrive\Imagens\Documentos\estudosRobot\cursoRobotAvançadoUdemy\aulas\loopsFor\for.robot">
<test id="s1-t1" name="TC01 - Testando loop For" line="30">
<kw name="Cria dicionario de traduções">
<for flavor="IN">
<var>${index}</var>
<var>${english}</var>
<var>${finnish}</var>
<var>${portugues}</var>
<value>1</value>
<value>cat</value>
<value>kissa</value>
<value>gato</value>
<value>2</value>
<value>dog</value>
<value>koira</value>
<value>cachorro</value>
<value>3</value>
<value>horse</value>
<value>hevonen</value>
<value>cabalo</value>
<iter>
<var name="${index}">1</var>
<var name="${english}">cat</var>
<var name="${finnish}">kissa</var>
<var name="${portugues}">gato</var>
<kw name="Log" library="BuiltIn">
<arg>Animal</arg>
<arg>${index}:\nEm inglês:</arg>
<arg>${english}\nEm finlandês:</arg>
<arg>${finnish}\nEm português:</arg>
<arg>${portugues}</arg>
<doc>Logs the given message with the given level.</doc>
<msg timestamp="20240131 21:12:59.152" level="WARN">The 'repr' argument of 'BuiltIn.Log' is deprecated. Use 'formatter=repr' instead.</msg>
<msg timestamp="20240131 21:12:59.153" level="FAIL">Invalid log level '1:
Em inglês:'.</msg>
<status status="FAIL" starttime="20240131 21:12:59.152" endtime="20240131 21:12:59.153"/>
</kw>
<status status="FAIL" starttime="20240131 21:12:59.152" endtime="20240131 21:12:59.153"/>
</iter>
<status status="FAIL" starttime="20240131 21:12:59.152" endtime="20240131 21:12:59.153"/>
</for>
<status status="FAIL" starttime="20240131 21:12:59.152" endtime="20240131 21:12:59.154"/>
</kw>
<status status="FAIL" starttime="20240131 21:12:59.151" endtime="20240131 21:12:59.154">Invalid log level '1:
Em inglês:'.</status>
</test>
<status status="FAIL" starttime="20240131 21:12:58.964" endtime="20240131 21:12:59.156"/>
</suite>
<statistics>
<total>
<stat pass="0" fail="1" skip="0">All Tests</stat>
</total>
<tag>
</tag>
<suite>
<stat pass="0" fail="1" skip="0" id="s1" name="For">For</stat>
</suite>
</statistics>
<errors>
<msg timestamp="20240131 21:12:59.152" level="WARN">The 'repr' argument of 'BuiltIn.Log' is deprecated. Use 'formatter=repr' instead.</msg>
</errors>
</robot>
