<?xml version="1.0" encoding="UTF-8"?>
<robot generator="Robot 6.1.1 (Python 3.12.1 on win32)" generated="20240117 10:58:14.998" rpa="false" schemaversion="4">
<suite id="s1" name="Pesquisa" source="C:\Users\natan\OneDrive\Imagens\Documentos\cursoRobotYt\resoluçãoDaLista\Google\suites\Pesquisa">
<suite id="s1-s1" name="Pesquisa" source="C:\Users\natan\OneDrive\Imagens\Documentos\cursoRobotYt\resoluçãoDaLista\Google\suites\Pesquisa\pesquisa.robot">
<test id="s1-s1-t1" name="TC02 - Fazendo uma pesquisa e clicando no segundo resultado" line="10">
<kw name="Acessar o site e fazer uma pesquisa" library="setup_teardown" type="SETUP">
<kw name="Quando abro o site do google" library="home_page">
<kw name="Open Browser" library="SeleniumLibrary">
<arg>${geral.URL}</arg>
<arg>${geral.Browser}</arg>
<doc>Opens a new browser instance to the optional ``url``.</doc>
<msg timestamp="20240117 10:58:15.232" level="INFO">Opening browser 'chrome' to base url 'https://www.google.com.br/?hl=pt-BR'.</msg>
<status status="PASS" starttime="20240117 10:58:15.231" endtime="20240117 10:58:18.492"/>
</kw>
<kw name="Maximize Browser Window" library="SeleniumLibrary">
<doc>Maximizes current browser window.</doc>
<status status="PASS" starttime="20240117 10:58:18.493" endtime="20240117 10:58:19.966"/>
</kw>
<status status="PASS" starttime="20240117 10:58:15.231" endtime="20240117 10:58:19.967"/>
</kw>
<kw name="Dado que faça uma pesquisa" library="home_page">
<kw name="Wait Until Element Is Visible" library="SeleniumLibrary">
<arg>${home_Page.Textarea_Pesquisa}</arg>
<arg>10s</arg>
<doc>Waits until the element ``locator`` is visible.</doc>
<status status="PASS" starttime="20240117 10:58:19.967" endtime="20240117 10:58:20.071"/>
</kw>
<kw name="Input Text" library="SeleniumLibrary">
<arg>${home_Page.Textarea_Pesquisa}</arg>
<arg>${pesquisa.Pesquisa}</arg>
<doc>Types the given ``text`` into the text field identified by ``locator``.</doc>
<msg timestamp="20240117 10:58:20.073" level="INFO">Typing text 'Receita de Lasanha' into text field '//textarea[@id="APjFqb"]'.</msg>
<status status="PASS" starttime="20240117 10:58:20.072" endtime="20240117 10:58:20.428"/>
</kw>
<kw name="Press Keys" library="SeleniumLibrary">
<arg>${home_Page.Textarea_Pesquisa}</arg>
<arg>ENTER</arg>
<doc>Simulates the user pressing key(s) to an element or on the active browser.</doc>
<msg timestamp="20240117 10:58:20.431" level="INFO">Sending key(s) ('ENTER',) to //textarea[@id="APjFqb"] element.</msg>
<msg timestamp="20240117 10:58:20.727" level="INFO">Pressing special key ENTER to element.</msg>
<msg timestamp="20240117 10:58:20.727" level="INFO">Releasing special key ENTER.</msg>
<status status="PASS" starttime="20240117 10:58:20.428" endtime="20240117 10:58:24.518"/>
</kw>
<status status="PASS" starttime="20240117 10:58:19.967" endtime="20240117 10:58:24.518"/>
</kw>
<status status="PASS" starttime="20240117 10:58:15.231" endtime="20240117 10:58:24.518"/>
</kw>
<kw name="Quando clique no segundo resultado" library="search_page">
<kw name="Wait Until Element Is Visible" library="SeleniumLibrary">
<arg>${search_page.H3_Segundo_Resultado}</arg>
<arg>10S</arg>
<doc>Waits until the element ``locator`` is visible.</doc>
<status status="PASS" starttime="20240117 10:58:24.519" endtime="20240117 10:58:24.550"/>
</kw>
<kw name="Click Element" library="SeleniumLibrary">
<arg>${search_page.H3_Segundo_Resultado}</arg>
<doc>Click the element identified by ``locator``.</doc>
<msg timestamp="20240117 10:58:24.551" level="INFO">Clicking element '(//h3[@class="LC20lb MBeuO DKV0Md"])[2]'.</msg>
<status status="PASS" starttime="20240117 10:58:24.550" endtime="20240117 10:58:49.371"/>
</kw>
<status status="PASS" starttime="20240117 10:58:24.518" endtime="20240117 10:58:49.371"/>
</kw>
<kw name="Fechar navegador" library="setup_teardown" type="TEARDOWN">
<kw name="Close Browser" library="SeleniumLibrary">
<doc>Closes the current browser.</doc>
<status status="PASS" starttime="20240117 10:58:49.371" endtime="20240117 10:58:51.905"/>
</kw>
<status status="PASS" starttime="20240117 10:58:49.371" endtime="20240117 10:58:51.905"/>
</kw>
<status status="PASS" starttime="20240117 10:58:15.230" endtime="20240117 10:58:51.906"/>
</test>
<status status="PASS" starttime="20240117 10:58:15.022" endtime="20240117 10:58:51.907"/>
</suite>
<status status="PASS" starttime="20240117 10:58:15.001" endtime="20240117 10:58:51.908"/>
</suite>
<statistics>
<total>
<stat pass="1" fail="0" skip="0">All Tests</stat>
</total>
<tag>
</tag>
<suite>
<stat pass="1" fail="0" skip="0" id="s1" name="Pesquisa">Pesquisa</stat>
<stat pass="1" fail="0" skip="0" id="s1-s1" name="Pesquisa">Pesquisa.Pesquisa</stat>
</suite>
</statistics>
<errors>
</errors>
</robot>
