<?xml version="1.0" encoding="UTF-8"?>
<robot generator="Robot 6.1.1 (Python 3.12.1 on win32)" generated="20240205 21:45:07.950" rpa="false" schemaversion="4">
<suite id="s1" name="Responde" source="C:\Users\natan\OneDrive\Imagens\Documentos\estudosRobot\cursoAPIyt\aula5\responde.robot">
<test id="s1-t1" name="TC01 - Realizar busca de todos os produtos" line="28">
<kw name="Pegar todos os produtos">
<kw name="Create Dictionary" library="BuiltIn">
<var>&amp;{headers}</var>
<arg>Content_type=application/json</arg>
<doc>Creates and returns a dictionary based on the given ``items``.</doc>
<msg timestamp="20240205 21:45:08.071" level="INFO">&amp;{headers} = { Content_type=application/json }</msg>
<status status="PASS" starttime="20240205 21:45:08.071" endtime="20240205 21:45:08.071"/>
</kw>
<kw name="GET" library="RequestsLibrary">
<arg>url=${HOST}/${GET_ALL_PRODUCTS}</arg>
<arg>headers=&amp;{headers}</arg>
<arg>expected_status=200</arg>
<doc>Sends a GET request.</doc>
<msg timestamp="20240205 21:45:09.174" level="INFO">GET Request : url=https://dummyjson.com/products 
 path_url=/products 
 headers={'User-Agent': 'python-requests/2.31.0', 'Accept-Encoding': 'gzip, deflate', 'Accept': '*/*', 'Connection': 'keep-alive', 'Content_type': 'application/json'} 
 body=None 
 </msg>
<msg timestamp="20240205 21:45:09.174" level="INFO">GET Response : url=https://dummyjson.com/products 
 status=200, reason=OK 
 headers={'access-control-allow-origin': '*', 'x-dns-prefetch-control': 'off', 'x-frame-options': 'SAMEORIGIN', 'strict-transport-security': 'max-age=15552000; includeSubDomains', 'x-download-options': 'noopen', 'x-content-type-options': 'nosniff', 'x-xss-protection': '1; mode=block', 'x-ratelimit-limit': '100', 'x-ratelimit-remaining': '99', 'date': 'Tue, 06 Feb 2024 00:45:09 GMT', 'x-ratelimit-reset': '1707180320', 'content-type': 'application/json; charset=utf-8', 'etag': 'W/"433e-g2UJQgfnupkv6PIR1Jka6cNpDBM"', 'vary': 'Accept-Encoding', 'content-encoding': 'gzip', 'server': 'railway', 'transfer-encoding': 'chunked'} 
 body={"products":[{"id":1,"title":"iPhone 9","description":"An apple mobile which is nothing like apple","price":549,"discountPercentage":12.96,"rating":4.69,"stock":94,"brand":"Apple","category":"smartphones","thumbnail":"https://cdn.dummyjson.com/product-images/1/thumbnail.jpg","images":["https://cdn.dummyjson.com/product-images/1/1.jpg","https://cdn.dummyjson.com/product-images/1/2.jpg","https://cdn.dummyjson.com/product-images/1/3.jpg","https://cdn.dummyjson.com/product-images/1/4.jpg","https://cdn.dummyjson.com/product-images/1/thumbnail.jpg"]},{"id":2,"title":"iPhone X","description":"SIM-Free, Model A19211 6.5-inch Super Retina HD display with OLED technology A12 Bionic chip with ...","price":899,"discountPercentage":17.94,"rating":4.44,"stock":34,"brand":"Apple","category":"smartphones","thumbnail":"https://cdn.dummyjson.com/product-images/2/thumbnail.jpg","images":["https://cdn.dummyjson.com/product-images/2/1.jpg","https://cdn.dummyjson.com/product-images/2/2.jpg","https://cdn.dummyjson.com/product-images/2/3.jpg","https://cdn.dummyjson.com/product-images/2/thumbnail.jpg"]},{"id":3,"title":"Samsung Universe 9","description":"Samsung's new variant which goes beyond Galaxy to the Universe","price":1249,"discountPercentage":15.46,"rating":4.09,"stock":36,"brand":"Samsung","category":"smartphones","thumbnail":"https://cdn.dummyjson.com/product-images/3/thumbnail.jpg","images":["https://cdn.dummyjson.com/product-images/3/1.jpg"]},{"id":4,"title":"OPPOF19","description":"OPPO F19 is officially announced on April 2021.","price":280,"discountPercentage":17.91,"rating":4.3,"stock":123,"brand":"OPPO","category":"smartphones","thumbnail":"https://cdn.dummyjson.com/product-images/4/thumbnail.jpg","images":["https://cdn.dummyjson.com/product-images/4/1.jpg","https://cdn.dummyjson.com/product-images/4/2.jpg","https://cdn.dummyjson.com/product-images/4/3.jpg","https://cdn.dummyjson.com/product-images/4/4.jpg","https://cdn.dummyjson.com/product-images/4/thumbnail.jpg"]},{"id":5,"title":"Huawei P30","description":"Huawei’s re-badged P30 Pro New Edition was officially unveiled yesterday in Germany and now the device has made its way to the UK.","price":499,"discountPercentage":10.58,"rating":4.09,"stock":32,"brand":"Huawei","category":"smartphones","thumbnail":"https://cdn.dummyjson.com/product-images/5/thumbnail.jpg","images":["https://cdn.dummyjson.com/product-images/5/1.jpg","https://cdn.dummyjson.com/product-images/5/2.jpg","https://cdn.dummyjson.com/product-images/5/3.jpg"]},{"id":6,"title":"MacBook Pro","description":"MacBook Pro 2021 with mini-LED display may launch between September, November","price":1749,"discountPercentage":11.02,"rating":4.57,"stock":83,"brand":"Apple","category":"laptops","thumbnail":"https://cdn.dummyjson.com/product-images/6/thumbnail.png","images":["https://cdn.dummyjson.com/product-images/6/1.png","https://cdn.dummyjson.com/product-images/6/2.jpg","https://cdn.dummyjson.com/product-images/6/3.png","https://cdn.dummyjson.com/product-images/6/4.jpg"]},{"id":7,"title":"Samsung Galaxy Book","description":"Samsung Galaxy Book S (2020) Laptop With Intel Lakefield Chip, 8GB of RAM Launched","price":1499,"discountPercentage":4.15,"rating":4.25,"stock":50,"brand":"Samsung","category":"laptops","thumbnail":"https://cdn.dummyjson.com/product-images/7/thumbnail.jpg","images":["https://cdn.dummyjson.com/product-images/7/1.jpg","https://cdn.dummyjson.com/product-images/7/2.jpg","https://cdn.dummyjson.com/product-images/7/3.jpg","https://cdn.dummyjson.com/product-images/7/thumbnail.jpg"]},{"id":8,"title":"Microsoft Surface Laptop 4","description":"Style and speed. Stand out on HD video calls backed by Studio Mics. Capture ideas on the vibrant touchscreen.","price":1499,"discountPercentage":10.23,"rating":4.43,"stock":68,"brand":"Microsoft Surface","category":"laptops","thumbnail":"https://cdn.dummyjson.com/product-images/8/thumbnail.jpg","images":["https://cdn.dummyjson.com/product-images/8/1.jpg","https://cdn.dummyjson.com/product-images/8/2.jpg","https://cdn.dummyjson.com/product-images/8/3.jpg","https://cdn.dummyjson.com/product-images/8/4.jpg","https://cdn.dummyjson.com/product-images/8/thumbnail.jpg"]},{"id":9,"title":"Infinix INBOOK","description":"Infinix Inbook X1 Ci3 10th 8GB 256GB 14 Win10 Grey – 1 Year Warranty","price":1099,"discountPercentage":11.83,"rating":4.54,"stock":96,"brand":"Infinix","category":"laptops","thumbnail":"https://cdn.dummyjson.com/product-images/9/thumbnail.jpg","images":["https://cdn.dummyjson.com/product-images/9/1.jpg","https://cdn.dummyjson.com/product-images/9/2.png","https://cdn.dummyjson.com/product-images/9/3.png","https://cdn.dummyjson.com/product-images/9/4.jpg","https://cdn.dummyjson.com/product-images/9/thumbnail.jpg"]},{"id":10,"title":"HP Pavilion 15-DK1056WM","description":"HP Pavilion 15-DK1056WM Gaming Laptop 10th Gen Core i5, 8GB, 256GB SSD, GTX 1650 4GB, Windows 10","price":1099,"discountPercentage":6.18,"rating":4.43,"stock":89,"brand":"HP Pavilion","category":"laptops","thumbnail":"https://cdn.dummyjson.com/product-images/10/thumbnail.jpeg","images":["https://cdn.dummyjson.com/product-images/10/1.jpg","https://cdn.dummyjson.com/product-images/10/2.jpg","https://cdn.dummyjson.com/product-images/10/3.jpg","https://cdn.dummyjson.com/product-images/10/thumbnail.jpeg"]},{"id":11,"title":"perfume Oil","description":"Mega Discount, Impression of Acqua Di Gio by GiorgioArmani concentrated attar perfume Oil","price":13,"discountPercentage":8.4,"rating":4.26,"stock":65,"brand":"Impression of Acqua Di Gio","category":"fragrances","thumbnail":"https://cdn.dummyjson.com/product-images/11/thumbnail.jpg","images":["https://cdn.dummyjson.com/product-images/11/1.jpg","https://cdn.dummyjson.com/product-images/11/2.jpg","https://cdn.dummyjson.com/product-images/11/3.jpg","https://cdn.dummyjson.com/product-images/11/thumbnail.jpg"]},{"id":12,"title":"Brown Perfume","description":"Royal_Mirage Sport Brown Perfume for Men &amp; Women - 120ml","price":40,"discountPercentage":15.66,"rating":4,"stock":52,"brand":"Royal_Mirage","category":"fragrances","thumbnail":"https://cdn.dummyjson.com/product-images/12/thumbnail.jpg","images":["https://cdn.dummyjson.com/product-images/12/1.jpg","https://cdn.dummyjson.com/product-images/12/2.jpg","https://cdn.dummyjson.com/product-images/12/3.png","https://cdn.dummyjson.com/product-images/12/4.jpg","https://cdn.dummyjson.com/product-images/12/thumbnail.jpg"]},{"id":13,"title":"Fog Scent Xpressio Perfume","description":"Product details of Best Fog Scent Xpressio Perfume 100ml For Men cool long lasting perfumes for Men","price":13,"discountPercentage":8.14,"rating":4.59,"stock":61,"brand":"Fog Scent Xpressio","category":"fragrances","thumbnail":"https://cdn.dummyjson.com/product-images/13/thumbnail.webp","images":["https://cdn.dummyjson.com/product-images/13/1.jpg","https://cdn.dummyjson.com/product-images/13/2.png","https://cdn.dummyjson.com/product-images/13/3.jpg","https://cdn.dummyjson.com/product-images/13/4.jpg","https://cdn.dummyjson.com/product-images/13/thumbnail.webp"]},{"id":14,"title":"Non-Alcoholic Concentrated Perfume Oil","description":"Original Al Munakh® by Mahal Al Musk | Our Impression of Climate | 6ml Non-Alcoholic Concentrated Perfume Oil","price":120,"discountPercentage":15.6,"rating":4.21,"stock":114,"brand":"Al Munakh","category":"fragrances","thumbnail":"https://cdn.dummyjson.com/product-images/14/thumbnail.jpg","images":["https://cdn.dummyjson.com/product-images/14/1.jpg","https://cdn.dummyjson.com/product-images/14/2.jpg","https://cdn.dummyjson.com/product-images/14/3.jpg","https://cdn.dummyjson.com/product-images/14/thumbnail.jpg"]},{"id":15,"title":"Eau De Perfume Spray","description":"Genuine  Al-Rehab spray perfume from UAE/Saudi Arabia/Yemen High Quality","price":30,"discountPercentage":10.99,"rating":4.7,"stock":105,"brand":"Lord - Al-Rehab","category":"fragrances","thumbnail":"https://cdn.dummyjson.com/product-images/15/thumbnail.jpg","images":["https://cdn.dummyjson.com/product-images/15/1.jpg","https://cdn.dummyjson.com/product-images/15/2.jpg","https://cdn.dummyjson.com/product-images/15/3.jpg","https://cdn.dummyjson.com/product-images/15/4.jpg","https://cdn.dummyjson.com/product-images/15/thumbnail.jpg"]},{"id":16,"title":"Hyaluronic Acid Serum","description":"L'OrÃ©al Paris introduces Hyaluron Expert Replumping Serum formulated with 1.5% Hyaluronic Acid","price":19,"discountPercentage":13.31,"rating":4.83,"stock":110,"brand":"L'Oreal Paris","category":"skincare","thumbnail":"https://cdn.dummyjson.com/product-images/16/thumbnail.jpg","images":["https://cdn.dummyjson.com/product-images/16/1.png","https://cdn.dummyjson.com/product-images/16/2.webp","https://cdn.dummyjson.com/product-images/16/3.jpg","https://cdn.dummyjson.com/product-images/16/4.jpg","https://cdn.dummyjson.com/product-images/16/thumbnail.jpg"]},{"id":17,"title":"Tree Oil 30ml","description":"Tea tree oil contains a number of compounds, including terpinen-4-ol, that have been shown to kill certain bacteria,","price":12,"discountPercentage":4.09,"rating":4.52,"stock":78,"brand":"Hemani Tea","category":"skincare","thumbnail":"https://cdn.dummyjson.com/product-images/17/thumbnail.jpg","images":["https://cdn.dummyjson.com/product-images/17/1.jpg","https://cdn.dummyjson.com/product-images/17/2.jpg","https://cdn.dummyjson.com/product-images/17/3.jpg","https://cdn.dummyjson.com/product-images/17/thumbnail.jpg"]},{"id":18,"title":"Oil Free Moisturizer 100ml","description":"Dermive Oil Free Moisturizer with SPF 20 is specifically formulated with ceramides, hyaluronic acid &amp; sunscreen.","price":40,"discountPercentage":13.1,"rating":4.56,"stock":88,"brand":"Dermive","category":"skincare","thumbnail":"https://cdn.dummyjson.com/product-images/18/thumbnail.jpg","images":["https://cdn.dummyjson.com/product-images/18/1.jpg","https://cdn.dummyjson.com/product-images/18/2.jpg","https://cdn.dummyjson.com/product-images/18/3.jpg","https://cdn.dummyjson.com/produc... (set the log level to DEBUG or TRACE to see the full content) 
 </msg>
<status status="PASS" starttime="20240205 21:45:08.071" endtime="20240205 21:45:09.175"/>
</kw>
<status status="PASS" starttime="20240205 21:45:08.071" endtime="20240205 21:45:09.175"/>
</kw>
<status status="PASS" starttime="20240205 21:45:08.070" endtime="20240205 21:45:09.175"/>
</test>
<test id="s1-t2" name="TC02 - Realizar busca de um unico produto" line="32">
<kw name="Pegar um unico produto de id 50" sourcename="Pegar um unico produto de id ${id}">
<kw name="Create Dictionary" library="BuiltIn">
<var>&amp;{headers}</var>
<arg>Content_type=application/json</arg>
<doc>Creates and returns a dictionary based on the given ``items``.</doc>
<msg timestamp="20240205 21:45:09.177" level="INFO">&amp;{headers} = { Content_type=application/json }</msg>
<status status="PASS" starttime="20240205 21:45:09.177" endtime="20240205 21:45:09.177"/>
</kw>
<kw name="Replace String" library="String">
<var>${GET_SINGLE_PRODUCT}</var>
<arg>${GET_SINGLE_PRODUCT}</arg>
<arg>id-produto</arg>
<arg>${id}</arg>
<doc>Replaces ``search_for`` in the given ``string`` with ``replace_with``.</doc>
<msg timestamp="20240205 21:45:09.178" level="INFO">${GET_SINGLE_PRODUCT} = products/50</msg>
<status status="PASS" starttime="20240205 21:45:09.177" endtime="20240205 21:45:09.178"/>
</kw>
<kw name="GET" library="RequestsLibrary">
<arg>url=${HOST}/${GET_SINGLE_PRODUCT}</arg>
<arg>headers=&amp;{headers}</arg>
<doc>Sends a GET request.</doc>
<msg timestamp="20240205 21:45:10.053" level="INFO">GET Request : url=https://dummyjson.com/products/50 
 path_url=/products/50 
 headers={'User-Agent': 'python-requests/2.31.0', 'Accept-Encoding': 'gzip, deflate', 'Accept': '*/*', 'Connection': 'keep-alive', 'Content_type': 'application/json'} 
 body=None 
 </msg>
<msg timestamp="20240205 21:45:10.053" level="INFO">GET Response : url=https://dummyjson.com/products/50 
 status=200, reason=OK 
 headers={'access-control-allow-origin': '*', 'x-dns-prefetch-control': 'off', 'x-frame-options': 'SAMEORIGIN', 'strict-transport-security': 'max-age=15552000; includeSubDomains', 'x-download-options': 'noopen', 'x-content-type-options': 'nosniff', 'x-xss-protection': '1; mode=block', 'x-ratelimit-limit': '100', 'x-ratelimit-remaining': '98', 'date': 'Tue, 06 Feb 2024 00:45:10 GMT', 'x-ratelimit-reset': '1707180320', 'content-type': 'application/json; charset=utf-8', 'content-length': '479', 'etag': 'W/"1df-jkoPcDrRlIEToGI9MFYrYAYcMb4"', 'vary': 'Accept-Encoding', 'server': 'railway'} 
 body={"id":50,"title":"Women Shoes","description":"2020 New Arrivals Genuine Leather Fashion Trend Platform Summer Women Shoes","price":36,"discountPercentage":16.87,"rating":4.33,"stock":46,"brand":"Arrivals Genuine","category":"womens-shoes","thumbnail":"https://cdn.dummyjson.com/product-images/50/thumbnail.jpg","images":["https://cdn.dummyjson.com/product-images/50/1.jpeg","https://cdn.dummyjson.com/product-images/50/2.jpg","https://cdn.dummyjson.com/product-images/50/3.jpg"]} 
 </msg>
<status status="PASS" starttime="20240205 21:45:09.178" endtime="20240205 21:45:10.055"/>
</kw>
<status status="PASS" starttime="20240205 21:45:09.177" endtime="20240205 21:45:10.055"/>
</kw>
<status status="PASS" starttime="20240205 21:45:09.177" endtime="20240205 21:45:10.056"/>
</test>
<status status="PASS" starttime="20240205 21:45:07.951" endtime="20240205 21:45:10.057"/>
</suite>
<statistics>
<total>
<stat pass="2" fail="0" skip="0">All Tests</stat>
</total>
<tag>
</tag>
<suite>
<stat pass="2" fail="0" skip="0" id="s1" name="Responde">Responde</stat>
</suite>
</statistics>
<errors>
</errors>
</robot>
