<?xml version="1.0" encoding="UTF-8"?>
<robot generator="Robot 6.1.1 (Python 3.12.1 on win32)" generated="20240126 14:29:27.372" rpa="false" schemaversion="4">
<suite id="s1" name="Login" source="C:\Users\natan\OneDrive\Imagens\Documentos\cursoRobotYt\aulas\aula12\suites\login">
<suite id="s1-s1" name="Login" source="C:\Users\natan\OneDrive\Imagens\Documentos\cursoRobotYt\aulas\aula12\suites\login\login.robot">
<test id="s1-s1-t1" name="TC01 - Logando perfil" line="7">
<kw name="Dado que acesse o site swag labs" library="setups_teardowns" type="SETUP">
<kw name="Open Browser" library="SeleniumLibrary">
<arg>${geral.URL}</arg>
<arg>${geral.Browser}</arg>
<doc>Opens a new browser instance to the optional ``url``.</doc>
<msg timestamp="20240126 14:29:27.623" level="INFO">Opening browser 'chrome' to base url 'https://www.saucedemo.com/'.</msg>
<status status="PASS" starttime="20240126 14:29:27.622" endtime="20240126 14:29:31.083"/>
</kw>
<kw name="Maximize Browser Window" library="SeleniumLibrary">
<doc>Maximizes current browser window.</doc>
<status status="PASS" starttime="20240126 14:29:31.083" endtime="20240126 14:29:31.322"/>
</kw>
<kw name="Wait Until Element Is Visible" library="SeleniumLibrary">
<arg>${login_Page.Input_Btn_Login}</arg>
<arg>10s</arg>
<doc>Waits until the element ``locator`` is visible.</doc>
<status status="PASS" starttime="20240126 14:29:31.322" endtime="20240126 14:29:31.437"/>
</kw>
<kw name="Element Should Be Visible" library="SeleniumLibrary">
<arg>${login_Page.Input_Btn_Login}</arg>
<doc>Verifies that the element identified by ``locator`` is visible.</doc>
<msg timestamp="20240126 14:29:31.467" level="INFO">Element '//input[@id="login-button"]' is displayed.</msg>
<status status="PASS" starttime="20240126 14:29:31.437" endtime="20240126 14:29:31.468"/>
</kw>
<status status="PASS" starttime="20240126 14:29:27.622" endtime="20240126 14:29:31.468"/>
</kw>
<kw name="Dado que preenche os campos de login Performance" library="login_page" sourcename="Dado que preenche os campos de login ${perfil}">
<if>
<branch type="IF" condition="&quot;${perfil}&quot;==&quot;Standard&quot;">
<kw name="Wait Until Element Is Visible" library="SeleniumLibrary">
<arg>${login_Page.Input_Username}</arg>
<arg>10s</arg>
<doc>Waits until the element ``locator`` is visible.</doc>
<status status="NOT RUN" starttime="20240126 14:29:31.493" endtime="20240126 14:29:31.493"/>
</kw>
<kw name="Input Text" library="SeleniumLibrary">
<arg>${login_Page.Input_Username}</arg>
<arg>${login.Standard}</arg>
<doc>Types the given ``text`` into the text field identified by ``locator``.</doc>
<status status="NOT RUN" starttime="20240126 14:29:31.493" endtime="20240126 14:29:31.493"/>
</kw>
<kw name="Wait Until Element Is Visible" library="SeleniumLibrary">
<arg>${login_Page.Input_Password}</arg>
<arg>10s</arg>
<doc>Waits until the element ``locator`` is visible.</doc>
<status status="NOT RUN" starttime="20240126 14:29:31.493" endtime="20240126 14:29:31.493"/>
</kw>
<kw name="Input Text" library="SeleniumLibrary">
<arg>${login_Page.Input_Password}</arg>
<arg>${login.Password}</arg>
<doc>Types the given ``text`` into the text field identified by ``locator``.</doc>
<status status="NOT RUN" starttime="20240126 14:29:31.493" endtime="20240126 14:29:31.493"/>
</kw>
<status status="NOT RUN" starttime="20240126 14:29:31.493" endtime="20240126 14:29:31.493"/>
</branch>
<branch type="ELSE IF" condition="&quot;${perfil}&quot;==&quot;Locked&quot;">
<kw name="Wait Until Element Is Visible" library="SeleniumLibrary">
<arg>${login_Page.Input_Username}</arg>
<arg>10s</arg>
<doc>Waits until the element ``locator`` is visible.</doc>
<status status="NOT RUN" starttime="20240126 14:29:31.494" endtime="20240126 14:29:31.494"/>
</kw>
<kw name="Input Text" library="SeleniumLibrary">
<arg>${login_Page.Input_Username}</arg>
<arg>${login.Locked}</arg>
<doc>Types the given ``text`` into the text field identified by ``locator``.</doc>
<status status="NOT RUN" starttime="20240126 14:29:31.494" endtime="20240126 14:29:31.494"/>
</kw>
<kw name="Wait Until Element Is Visible" library="SeleniumLibrary">
<arg>${login_Page.Input_Password}</arg>
<arg>10s</arg>
<doc>Waits until the element ``locator`` is visible.</doc>
<status status="NOT RUN" starttime="20240126 14:29:31.494" endtime="20240126 14:29:31.494"/>
</kw>
<kw name="Input Text" library="SeleniumLibrary">
<arg>${login_Page.Input_Password}</arg>
<arg>${login.Password}</arg>
<doc>Types the given ``text`` into the text field identified by ``locator``.</doc>
<status status="NOT RUN" starttime="20240126 14:29:31.494" endtime="20240126 14:29:31.494"/>
</kw>
<status status="NOT RUN" starttime="20240126 14:29:31.494" endtime="20240126 14:29:31.494"/>
</branch>
<branch type="ELSE IF" condition="&quot;${perfil}&quot;==&quot;Problem&quot;">
<kw name="Wait Until Element Is Visible" library="SeleniumLibrary">
<arg>${login_Page.Input_Username}</arg>
<arg>10s</arg>
<doc>Waits until the element ``locator`` is visible.</doc>
<status status="NOT RUN" starttime="20240126 14:29:31.494" endtime="20240126 14:29:31.494"/>
</kw>
<kw name="Input Text" library="SeleniumLibrary">
<arg>${login_Page.Input_Username}</arg>
<arg>${login.Problem}</arg>
<doc>Types the given ``text`` into the text field identified by ``locator``.</doc>
<status status="NOT RUN" starttime="20240126 14:29:31.494" endtime="20240126 14:29:31.494"/>
</kw>
<kw name="Wait Until Element Is Visible" library="SeleniumLibrary">
<arg>${login_Page.Input_Password}</arg>
<arg>10s</arg>
<doc>Waits until the element ``locator`` is visible.</doc>
<status status="NOT RUN" starttime="20240126 14:29:31.494" endtime="20240126 14:29:31.494"/>
</kw>
<kw name="Input Text" library="SeleniumLibrary">
<arg>${login_Page.Input_Password}</arg>
<arg>${login.Password}</arg>
<doc>Types the given ``text`` into the text field identified by ``locator``.</doc>
<status status="NOT RUN" starttime="20240126 14:29:31.494" endtime="20240126 14:29:31.494"/>
</kw>
<status status="NOT RUN" starttime="20240126 14:29:31.494" endtime="20240126 14:29:31.495"/>
</branch>
<branch type="ELSE IF" condition="&quot;${perfil}&quot;==&quot;Performance&quot;">
<kw name="Wait Until Element Is Visible" library="SeleniumLibrary">
<arg>${login_Page.Input_Username}</arg>
<arg>10s</arg>
<doc>Waits until the element ``locator`` is visible.</doc>
<status status="PASS" starttime="20240126 14:29:31.495" endtime="20240126 14:29:31.518"/>
</kw>
<kw name="Input Text" library="SeleniumLibrary">
<arg>${login_Page.Input_Username}</arg>
<arg>${login.Performance}</arg>
<doc>Types the given ``text`` into the text field identified by ``locator``.</doc>
<msg timestamp="20240126 14:29:31.520" level="INFO">Typing text 'performance_glitch_user' into text field '//input[@id="user-name"]'.</msg>
<status status="PASS" starttime="20240126 14:29:31.518" endtime="20240126 14:29:31.735"/>
</kw>
<kw name="Wait Until Element Is Visible" library="SeleniumLibrary">
<arg>${login_Page.Input_Password}</arg>
<arg>10s</arg>
<doc>Waits until the element ``locator`` is visible.</doc>
<status status="PASS" starttime="20240126 14:29:31.735" endtime="20240126 14:29:31.782"/>
</kw>
<kw name="Input Text" library="SeleniumLibrary">
<arg>${login_Page.Input_Password}</arg>
<arg>${login.Password}</arg>
<doc>Types the given ``text`` into the text field identified by ``locator``.</doc>
<msg timestamp="20240126 14:29:31.783" level="INFO">Typing text 'secret_sauce' into text field '//input[@id="password"]'.</msg>
<status status="PASS" starttime="20240126 14:29:31.782" endtime="20240126 14:29:31.952"/>
</kw>
<status status="PASS" starttime="20240126 14:29:31.495" endtime="20240126 14:29:31.952"/>
</branch>
<branch type="ELSE IF" condition="&quot;${perfil}&quot;==&quot;Error&quot;">
<kw name="Wait Until Element Is Visible" library="SeleniumLibrary">
<arg>${login_Page.Input_Username}</arg>
<arg>10s</arg>
<doc>Waits until the element ``locator`` is visible.</doc>
<status status="NOT RUN" starttime="20240126 14:29:31.952" endtime="20240126 14:29:31.952"/>
</kw>
<kw name="Input Text" library="SeleniumLibrary">
<arg>${login_Page.Input_Username}</arg>
<arg>${login.Error}</arg>
<doc>Types the given ``text`` into the text field identified by ``locator``.</doc>
<status status="NOT RUN" starttime="20240126 14:29:31.952" endtime="20240126 14:29:31.952"/>
</kw>
<kw name="Wait Until Element Is Visible" library="SeleniumLibrary">
<arg>${login_Page.Input_Password}</arg>
<arg>10s</arg>
<doc>Waits until the element ``locator`` is visible.</doc>
<status status="NOT RUN" starttime="20240126 14:29:31.952" endtime="20240126 14:29:31.952"/>
</kw>
<kw name="Input Text" library="SeleniumLibrary">
<arg>${login_Page.Input_Password}</arg>
<arg>${login.Password}</arg>
<doc>Types the given ``text`` into the text field identified by ``locator``.</doc>
<status status="NOT RUN" starttime="20240126 14:29:31.952" endtime="20240126 14:29:31.953"/>
</kw>
<status status="NOT RUN" starttime="20240126 14:29:31.952" endtime="20240126 14:29:31.953"/>
</branch>
<branch type="ELSE IF" condition="&quot;${perfil}&quot;==&quot;Visual&quot;">
<kw name="Wait Until Element Is Visible" library="SeleniumLibrary">
<arg>${login_Page.Input_Username}</arg>
<arg>10s</arg>
<doc>Waits until the element ``locator`` is visible.</doc>
<status status="NOT RUN" starttime="20240126 14:29:31.953" endtime="20240126 14:29:31.953"/>
</kw>
<kw name="Input Text" library="SeleniumLibrary">
<arg>${login_Page.Input_Username}</arg>
<arg>${login.Visual}</arg>
<doc>Types the given ``text`` into the text field identified by ``locator``.</doc>
<status status="NOT RUN" starttime="20240126 14:29:31.953" endtime="20240126 14:29:31.953"/>
</kw>
<kw name="Wait Until Element Is Visible" library="SeleniumLibrary">
<arg>${login_Page.Input_Password}</arg>
<arg>10s</arg>
<doc>Waits until the element ``locator`` is visible.</doc>
<status status="NOT RUN" starttime="20240126 14:29:31.953" endtime="20240126 14:29:31.953"/>
</kw>
<kw name="Input Text" library="SeleniumLibrary">
<arg>${login_Page.Input_Password}</arg>
<arg>${login.Password}</arg>
<doc>Types the given ``text`` into the text field identified by ``locator``.</doc>
<status status="NOT RUN" starttime="20240126 14:29:31.953" endtime="20240126 14:29:31.953"/>
</kw>
<status status="NOT RUN" starttime="20240126 14:29:31.953" endtime="20240126 14:29:31.953"/>
</branch>
<status status="PASS" starttime="20240126 14:29:31.493" endtime="20240126 14:29:31.953"/>
</if>
<status status="PASS" starttime="20240126 14:29:31.492" endtime="20240126 14:29:31.953"/>
</kw>
<kw name="Quando clique no botão login" library="login_page">
<kw name="Sleep" library="BuiltIn">
<arg>10s</arg>
<doc>Pauses the test executed for the given time.</doc>
<msg timestamp="20240126 14:29:41.955" level="INFO">Slept 10 seconds</msg>
<status status="PASS" starttime="20240126 14:29:31.955" endtime="20240126 14:29:41.955"/>
</kw>
<kw name="Wait Until Element Is Visible" library="SeleniumLibrary">
<arg>${login_Page.Input_Btn_Login}</arg>
<arg>10s</arg>
<doc>Waits until the element ``locator`` is visible.</doc>
<status status="PASS" starttime="20240126 14:29:41.955" endtime="20240126 14:29:41.973"/>
</kw>
<kw name="Click Element" library="SeleniumLibrary">
<arg>${login_Page.Input_Btn_Login}</arg>
<doc>Click the element identified by ``locator``.</doc>
<msg timestamp="20240126 14:29:41.974" level="INFO">Clicking element '//input[@id="login-button"]'.</msg>
<status status="PASS" starttime="20240126 14:29:41.973" endtime="20240126 14:29:47.083"/>
</kw>
<status status="PASS" starttime="20240126 14:29:31.955" endtime="20240126 14:29:47.083"/>
</kw>
<kw name="Fechar navegador" library="setups_teardowns" type="TEARDOWN">
<kw name="Close Browser" library="SeleniumLibrary">
<doc>Closes the current browser.</doc>
<status status="PASS" starttime="20240126 14:29:47.092" endtime="20240126 14:29:49.677"/>
</kw>
<status status="PASS" starttime="20240126 14:29:47.092" endtime="20240126 14:29:49.677"/>
</kw>
<status status="PASS" starttime="20240126 14:29:27.621" endtime="20240126 14:29:49.678"/>
</test>
<status status="PASS" starttime="20240126 14:29:27.394" endtime="20240126 14:29:49.679"/>
</suite>
<status status="PASS" starttime="20240126 14:29:27.374" endtime="20240126 14:29:49.680"/>
</suite>
<statistics>
<total>
<stat pass="1" fail="0" skip="0">All Tests</stat>
</total>
<tag>
</tag>
<suite>
<stat pass="1" fail="0" skip="0" id="s1" name="Login">Login</stat>
<stat pass="1" fail="0" skip="0" id="s1-s1" name="Login">Login.Login</stat>
</suite>
</statistics>
<errors>
</errors>
</robot>
