<?xml version="1.0" encoding="UTF-8"?>
<robot generator="Robot 6.1.1 (Python 3.12.1 on win32)" generated="20240124 14:13:55.382" rpa="false" schemaversion="4">
<suite id="s1" name="Promoção" source="C:\Users\natan\OneDrive\Imagens\Documentos\cursoRobotYt\resoluçãoDaLista\Pelando\suites\promoção">
<suite id="s1-s1" name="Promoção" source="C:\Users\natan\OneDrive\Imagens\Documentos\cursoRobotYt\resoluçãoDaLista\Pelando\suites\promoção\promoção.robot">
<test id="s1-s1-t1" name="TC02 - Acessar o site pelando, clicar na segunda promoção e clicar na opção de ir para a loja" line="11">
<kw name="Dado que acesse o site pelando" library="setups_teardowns" type="SETUP">
<kw name="Open Browser" library="SeleniumLibrary">
<arg>${geral.URL}</arg>
<arg>${geral.Browser}</arg>
<doc>Opens a new browser instance to the optional ``url``.</doc>
<msg timestamp="20240124 14:13:55.613" level="INFO">Opening browser 'chrome' to base url 'https://www.pelando.com.br/?view_mode=grid'.</msg>
<status status="PASS" starttime="20240124 14:13:55.612" endtime="20240124 14:13:58.600"/>
</kw>
<kw name="Maximize Browser Window" library="SeleniumLibrary">
<doc>Maximizes current browser window.</doc>
<status status="PASS" starttime="20240124 14:13:58.601" endtime="20240124 14:13:59.219"/>
</kw>
<kw name="Wait Until Element Is Visible" library="SeleniumLibrary">
<arg>${home_Page.A_Logo}</arg>
<arg>10s</arg>
<doc>Waits until the element ``locator`` is visible.</doc>
<status status="PASS" starttime="20240124 14:13:59.219" endtime="20240124 14:13:59.297"/>
</kw>
<kw name="Element Should Be Visible" library="SeleniumLibrary">
<arg>${home_Page.A_Logo}</arg>
<doc>Verifies that the element identified by ``locator`` is visible.</doc>
<msg timestamp="20240124 14:13:59.368" level="INFO">Element '//a[@class="sc-fSurle hSxhMs sc-8e0067-0 sc-db3e6fe4-3 hZvKnp eiVZVL"]' is displayed.</msg>
<status status="PASS" starttime="20240124 14:13:59.297" endtime="20240124 14:13:59.368"/>
</kw>
<status status="PASS" starttime="20240124 14:13:55.612" endtime="20240124 14:13:59.368"/>
</kw>
<kw name="Dado que clique na segunda promoção listada" library="home_page">
<kw name="Wait Until Element Is Visible" library="SeleniumLibrary">
<arg>${home_Page.A_Segunda_Promoção}</arg>
<arg>10s</arg>
<doc>Waits until the element ``locator`` is visible.</doc>
<status status="PASS" starttime="20240124 14:13:59.375" endtime="20240124 14:14:00.638"/>
</kw>
<kw name="Click Element" library="SeleniumLibrary">
<arg>${home_Page.A_Segunda_Promoção}</arg>
<doc>Click the element identified by ``locator``.</doc>
<msg timestamp="20240124 14:14:00.639" level="INFO">Clicking element '(//a[@class="sc-labuuU cIsfvr"])[3]'.</msg>
<status status="PASS" starttime="20240124 14:14:00.638" endtime="20240124 14:14:00.817"/>
</kw>
<status status="PASS" starttime="20240124 14:13:59.375" endtime="20240124 14:14:00.817"/>
</kw>
<kw name="Quando clique em ir pra loja" library="promo_page">
<kw name="Wait Until Element Is Visible" library="SeleniumLibrary">
<arg>${promo_Page.Span_Ir_Pra_Loja}</arg>
<arg>10s</arg>
<doc>Waits until the element ``locator`` is visible.</doc>
<status status="PASS" starttime="20240124 14:14:00.821" endtime="20240124 14:14:01.739"/>
</kw>
<kw name="Click Element" library="SeleniumLibrary">
<arg>${promo_Page.Span_Ir_Pra_Loja}</arg>
<doc>Click the element identified by ``locator``.</doc>
<msg timestamp="20240124 14:14:01.741" level="INFO">Clicking element '(//span[text()="Ir pra Loja"])[1]'.</msg>
<status status="PASS" starttime="20240124 14:14:01.740" endtime="20240124 14:14:03.709"/>
</kw>
<status status="PASS" starttime="20240124 14:14:00.821" endtime="20240124 14:14:03.709"/>
</kw>
<kw name="Fechar navegador" library="setups_teardowns" type="TEARDOWN">
<kw name="Close Browser" library="SeleniumLibrary">
<doc>Closes the current browser.</doc>
<status status="PASS" starttime="20240124 14:14:03.713" endtime="20240124 14:14:06.139"/>
</kw>
<status status="PASS" starttime="20240124 14:14:03.713" endtime="20240124 14:14:06.139"/>
</kw>
<status status="PASS" starttime="20240124 14:13:55.611" endtime="20240124 14:14:06.140"/>
</test>
<status status="PASS" starttime="20240124 14:13:55.404" endtime="20240124 14:14:06.141"/>
</suite>
<status status="PASS" starttime="20240124 14:13:55.384" endtime="20240124 14:14:06.143"/>
</suite>
<statistics>
<total>
<stat pass="1" fail="0" skip="0">All Tests</stat>
</total>
<tag>
</tag>
<suite>
<stat pass="1" fail="0" skip="0" id="s1" name="Promoção">Promoção</stat>
<stat pass="1" fail="0" skip="0" id="s1-s1" name="Promoção">Promoção.Promoção</stat>
</suite>
</statistics>
<errors>
</errors>
</robot>
