<?xml version="1.0" encoding="UTF-8"?>
<robot generator="Robot 6.1.1 (Python 3.12.1 on win32)" generated="20240112 22:10:26.186" rpa="false" schemaversion="4">
<suite id="s1" name="Bdd" source="C:\Users\natan\OneDrive\Imagens\Documentos\cursoRobotYt\aulas\aula05\bdd.robot">
<test id="s1-t1" name="Cenário 1: Executar video no site do youtube" line="46">
<kw name="Dado que eu acesso o site do youtube">
<kw name="Open Browser" library="SeleniumLibrary">
<arg>${URL}</arg>
<arg>${Browser}</arg>
<doc>Opens a new browser instance to the optional ``url``.</doc>
<msg timestamp="20240112 22:10:26.476" level="INFO">Opening browser 'chrome' to base url 'https://www.youtube.com/'.</msg>
<status status="PASS" starttime="20240112 22:10:26.476" endtime="20240112 22:10:34.214"/>
</kw>
<kw name="Maximize Browser Window" library="SeleniumLibrary">
<doc>Maximizes current browser window.</doc>
<status status="PASS" starttime="20240112 22:10:34.214" endtime="20240112 22:10:34.692"/>
</kw>
<status status="PASS" starttime="20240112 22:10:26.476" endtime="20240112 22:10:34.692"/>
</kw>
<kw name="Quando digito o nome da musica">
<kw name="Wait Until Element Is Visible" library="SeleniumLibrary">
<arg>${input_pesquisa}</arg>
<doc>Waits until the element ``locator`` is visible.</doc>
<status status="PASS" starttime="20240112 22:10:34.707" endtime="20240112 22:10:34.925"/>
</kw>
<kw name="Input Text" library="SeleniumLibrary">
<arg>${input_pesquisa}</arg>
<arg>${nomeDaMusica}</arg>
<doc>Types the given ``text`` into the text field identified by ``locator``.</doc>
<msg timestamp="20240112 22:10:34.926" level="INFO">Typing text 'coração de gelo' into text field '//input[@id='search']'.</msg>
<status status="PASS" starttime="20240112 22:10:34.925" endtime="20240112 22:10:35.224"/>
</kw>
<status status="PASS" starttime="20240112 22:10:34.706" endtime="20240112 22:10:35.224"/>
</kw>
<kw name="E clico no botão buscar">
<kw name="Click Element" library="SeleniumLibrary">
<arg>${button_pesquisa}</arg>
<doc>Click the element identified by ``locator``.</doc>
<msg timestamp="20240112 22:10:35.236" level="INFO">Clicking element '//button[@id="search-icon-legacy"]'.</msg>
<status status="PASS" starttime="20240112 22:10:35.236" endtime="20240112 22:10:35.375"/>
</kw>
<status status="PASS" starttime="20240112 22:10:35.235" endtime="20240112 22:10:35.375"/>
</kw>
<kw name="E clico na primeira opção da lista">
<kw name="Wait Until Element Is Visible" library="SeleniumLibrary">
<arg>${primeiro_elemento}</arg>
<arg>10</arg>
<doc>Waits until the element ``locator`` is visible.</doc>
<status status="PASS" starttime="20240112 22:10:35.376" endtime="20240112 22:10:36.707"/>
</kw>
<kw name="Click Element" library="SeleniumLibrary">
<arg>${primeiro_elemento}</arg>
<doc>Click the element identified by ``locator``.</doc>
<msg timestamp="20240112 22:10:36.707" level="INFO">Clicking element '(//yt-formatted-string[@class="style-scope ytd-video-renderer"])[1]'.</msg>
<status status="PASS" starttime="20240112 22:10:36.707" endtime="20240112 22:10:36.890"/>
</kw>
<status status="PASS" starttime="20240112 22:10:35.376" endtime="20240112 22:10:36.890"/>
</kw>
<kw name="Então o vídeo é executado">
<kw name="Wait Until Element Is Visible" library="SeleniumLibrary">
<arg>${button_anuncio}</arg>
<arg>10</arg>
<doc>Waits until the element ``locator`` is visible.</doc>
<status status="PASS" starttime="20240112 22:10:36.891" endtime="20240112 22:10:42.986"/>
</kw>
<kw name="Click Element" library="SeleniumLibrary">
<arg>${button_anuncio}</arg>
<doc>Click the element identified by ``locator``.</doc>
<msg timestamp="20240112 22:10:42.986" level="INFO">Clicking element '//button[@class="ytp-ad-skip-button-modern ytp-button"]'.</msg>
<status status="PASS" starttime="20240112 22:10:42.986" endtime="20240112 22:10:43.120"/>
</kw>
<kw name="Wait Until Element Is Visible" library="SeleniumLibrary">
<arg>${prova}</arg>
<arg>10</arg>
<doc>Waits until the element ``locator`` is visible.</doc>
<status status="PASS" starttime="20240112 22:10:43.120" endtime="20240112 22:10:43.228"/>
</kw>
<kw name="Element Should Be Visible" library="SeleniumLibrary">
<arg>${prova}</arg>
<doc>Verifies that the element identified by ``locator`` is visible.</doc>
<msg timestamp="20240112 22:10:43.344" level="INFO">Element '(//span[text()='Compartilhar'])[1]' is displayed.</msg>
<status status="PASS" starttime="20240112 22:10:43.228" endtime="20240112 22:10:43.344"/>
</kw>
<kw name="Sleep" library="BuiltIn">
<arg>180s</arg>
<doc>Pauses the test executed for the given time.</doc>
<msg timestamp="20240112 22:13:43.346" level="INFO">Slept 3 minutes</msg>
<status status="PASS" starttime="20240112 22:10:43.346" endtime="20240112 22:13:43.346"/>
</kw>
<kw name="Close Browser" library="SeleniumLibrary">
<doc>Closes the current browser.</doc>
<status status="PASS" starttime="20240112 22:13:43.346" endtime="20240112 22:13:45.642"/>
</kw>
<status status="PASS" starttime="20240112 22:10:36.890" endtime="20240112 22:13:45.642"/>
</kw>
<status status="PASS" starttime="20240112 22:10:26.475" endtime="20240112 22:13:45.642"/>
</test>
<status status="PASS" starttime="20240112 22:10:26.187" endtime="20240112 22:13:45.643"/>
</suite>
<statistics>
<total>
<stat pass="1" fail="0" skip="0">All Tests</stat>
</total>
<tag>
</tag>
<suite>
<stat pass="1" fail="0" skip="0" id="s1" name="Bdd">Bdd</stat>
</suite>
</statistics>
<errors>
</errors>
</robot>
