<?xml version="1.0" encoding="UTF-8"?>
<robot generator="Robot 6.1.1 (Python 3.12.1 on win32)" generated="20240111 15:23:51.397" rpa="false" schemaversion="4">
<suite id="s1" name="Tests" source="C:\Users\natan\OneDrive\Imagens\Documentos\cursoRobotYt\aulas\aula6\Tests">
<suite id="s1-s1" name="Modelo" source="C:\Users\natan\OneDrive\Imagens\Documentos\cursoRobotYt\aulas\aula6\Tests\modelo.robot">
<test id="s1-s1-t1" name="Cenário 2: Acessando site instagram" line="25">
<kw name="Abrir site instagram">
<kw name="Open Browser" library="SeleniumLibrary">
<arg>${url_instagram}</arg>
<arg>${Browser}</arg>
<doc>Opens a new browser instance to the optional ``url``.</doc>
<msg timestamp="20240111 15:23:51.643" level="INFO">Opening browser 'chrome' to base url 'https://www.instagram.com'.</msg>
<status status="PASS" starttime="20240111 15:23:51.643" endtime="20240111 15:23:55.405"/>
</kw>
<status status="PASS" starttime="20240111 15:23:51.643" endtime="20240111 15:23:55.405"/>
</kw>
<kw name="Fechar navegador">
<kw name="Close Browser" library="SeleniumLibrary">
<doc>Closes the current browser.</doc>
<status status="PASS" starttime="20240111 15:23:55.413" endtime="20240111 15:23:59.647"/>
</kw>
<status status="PASS" starttime="20240111 15:23:55.412" endtime="20240111 15:23:59.647"/>
</kw>
<tag>regressivo</tag>
<status status="PASS" starttime="20240111 15:23:51.642" endtime="20240111 15:23:59.648"/>
</test>
<status status="PASS" starttime="20240111 15:23:51.421" endtime="20240111 15:23:59.649"/>
</suite>
<suite id="s1-s2" name="Teste" source="C:\Users\natan\OneDrive\Imagens\Documentos\cursoRobotYt\aulas\aula6\Tests\teste.robot">
<test id="s1-s2-t1" name="Cenário 1: preencher formulario" line="83">
<kw name="abrir navegador e acessar o site">
<kw name="Open Browser" library="SeleniumLibrary">
<arg>https://demoqa.com/automation-practice-form</arg>
<arg>chrome</arg>
<doc>Opens a new browser instance to the optional ``url``.</doc>
<msg timestamp="20240111 15:23:59.656" level="INFO">Opening browser 'chrome' to base url 'https://demoqa.com/automation-practice-form'.</msg>
<status status="PASS" starttime="20240111 15:23:59.655" endtime="20240111 15:24:13.878"/>
</kw>
<kw name="Maximize Browser Window" library="SeleniumLibrary">
<doc>Maximizes current browser window.</doc>
<status status="PASS" starttime="20240111 15:24:13.878" endtime="20240111 15:24:14.006"/>
</kw>
<status status="PASS" starttime="20240111 15:23:59.655" endtime="20240111 15:24:14.006"/>
</kw>
<kw name="preencher campos">
<kw name="Input Text" library="SeleniumLibrary">
<arg>${input_firstName}</arg>
<arg>Natanael</arg>
<doc>Types the given ``text`` into the text field identified by ``locator``.</doc>
<msg timestamp="20240111 15:24:14.007" level="INFO">Typing text 'Natanael' into text field '//input[@placeholder='First Name']'.</msg>
<status status="PASS" starttime="20240111 15:24:14.007" endtime="20240111 15:24:14.189"/>
</kw>
<kw name="Sleep" library="BuiltIn">
<arg>1s</arg>
<doc>Pauses the test executed for the given time.</doc>
<msg timestamp="20240111 15:24:15.189" level="INFO">Slept 1 second</msg>
<status status="PASS" starttime="20240111 15:24:14.189" endtime="20240111 15:24:15.189"/>
</kw>
<kw name="Input Text" library="SeleniumLibrary">
<arg>${input_lastName}</arg>
<arg>Lino</arg>
<doc>Types the given ``text`` into the text field identified by ``locator``.</doc>
<msg timestamp="20240111 15:24:15.190" level="INFO">Typing text 'Lino' into text field '//input[@placeholder='Last Name']'.</msg>
<status status="PASS" starttime="20240111 15:24:15.189" endtime="20240111 15:24:15.306"/>
</kw>
<kw name="Sleep" library="BuiltIn">
<arg>1s</arg>
<doc>Pauses the test executed for the given time.</doc>
<msg timestamp="20240111 15:24:16.307" level="INFO">Slept 1 second</msg>
<status status="PASS" starttime="20240111 15:24:15.306" endtime="20240111 15:24:16.307"/>
</kw>
<kw name="Input Text" library="SeleniumLibrary">
<arg>${input_userEmail}</arg>
<arg>santoslino.natanael@gmail.com</arg>
<doc>Types the given ``text`` into the text field identified by ``locator``.</doc>
<msg timestamp="20240111 15:24:16.307" level="INFO">Typing text 'santoslino.natanael@gmail.com' into text field '//input[@placeholder='name@example.com']'.</msg>
<status status="PASS" starttime="20240111 15:24:16.307" endtime="20240111 15:24:16.468"/>
</kw>
<kw name="Sleep" library="BuiltIn">
<arg>1s</arg>
<doc>Pauses the test executed for the given time.</doc>
<msg timestamp="20240111 15:24:17.469" level="INFO">Slept 1 second</msg>
<status status="PASS" starttime="20240111 15:24:16.468" endtime="20240111 15:24:17.469"/>
</kw>
<kw name="Click Element" library="SeleniumLibrary">
<arg>${button_radioGender}</arg>
<doc>Click the element identified by ``locator``.</doc>
<msg timestamp="20240111 15:24:17.469" level="INFO">Clicking element '//label[@class="custom-control-label"]'.</msg>
<status status="PASS" starttime="20240111 15:24:17.469" endtime="20240111 15:24:17.535"/>
</kw>
<kw name="Sleep" library="BuiltIn">
<arg>1s</arg>
<doc>Pauses the test executed for the given time.</doc>
<msg timestamp="20240111 15:24:18.536" level="INFO">Slept 1 second</msg>
<status status="PASS" starttime="20240111 15:24:17.535" endtime="20240111 15:24:18.536"/>
</kw>
<kw name="Input Text" library="SeleniumLibrary">
<arg>${input_userNumber}</arg>
<arg>85982118611</arg>
<doc>Types the given ``text`` into the text field identified by ``locator``.</doc>
<msg timestamp="20240111 15:24:18.536" level="INFO">Typing text '85982118611' into text field '//input[@placeholder='Mobile Number']'.</msg>
<status status="PASS" starttime="20240111 15:24:18.536" endtime="20240111 15:24:18.655"/>
</kw>
<kw name="Sleep" library="BuiltIn">
<arg>1s</arg>
<doc>Pauses the test executed for the given time.</doc>
<msg timestamp="20240111 15:24:19.656" level="INFO">Slept 1 second</msg>
<status status="PASS" starttime="20240111 15:24:18.655" endtime="20240111 15:24:19.656"/>
</kw>
<kw name="Click Element" library="SeleniumLibrary">
<arg>${label_hobbies}</arg>
<doc>Click the element identified by ``locator``.</doc>
<msg timestamp="20240111 15:24:19.656" level="INFO">Clicking element '//label[text()='Sports']'.</msg>
<status status="PASS" starttime="20240111 15:24:19.656" endtime="20240111 15:24:19.714"/>
</kw>
<kw name="Input Text" library="SeleniumLibrary">
<arg>${textarea_currentAddress}</arg>
<arg>62089634906209835</arg>
<doc>Types the given ``text`` into the text field identified by ``locator``.</doc>
<msg timestamp="20240111 15:24:19.716" level="INFO">Typing text '62089634906209835' into text field '//textarea[@placeholder='Current Address']'.</msg>
<status status="PASS" starttime="20240111 15:24:19.714" endtime="20240111 15:24:19.846"/>
</kw>
<kw name="Sleep" library="BuiltIn">
<arg>1s</arg>
<doc>Pauses the test executed for the given time.</doc>
<msg timestamp="20240111 15:24:20.846" level="INFO">Slept 1 second</msg>
<status status="PASS" starttime="20240111 15:24:19.846" endtime="20240111 15:24:20.846"/>
</kw>
<status status="PASS" starttime="20240111 15:24:14.006" endtime="20240111 15:24:20.846"/>
</kw>
<kw name="preencher data de nascimento">
<kw name="Wait Until Page Contains Element" library="SeleniumLibrary">
<arg>${input_dateOfBirth}</arg>
<doc>Waits until the element ``locator`` appears on the current page.</doc>
<status status="PASS" starttime="20240111 15:24:20.847" endtime="20240111 15:24:20.868"/>
</kw>
<kw name="Click Element" library="SeleniumLibrary">
<arg>${input_dateOfBirth}</arg>
<doc>Click the element identified by ``locator``.</doc>
<msg timestamp="20240111 15:24:20.869" level="INFO">Clicking element '//input[@id='dateOfBirthInput']'.</msg>
<status status="PASS" starttime="20240111 15:24:20.868" endtime="20240111 15:24:20.980"/>
</kw>
<kw name="Wait Until Page Contains Element" library="SeleniumLibrary">
<arg>${select_monthOfBirth}</arg>
<doc>Waits until the element ``locator`` appears on the current page.</doc>
<status status="PASS" starttime="20240111 15:24:20.980" endtime="20240111 15:24:20.996"/>
</kw>
<kw name="Click Element" library="SeleniumLibrary">
<arg>${select_monthOfBirth}</arg>
<doc>Click the element identified by ``locator``.</doc>
<msg timestamp="20240111 15:24:20.997" level="INFO">Clicking element '//select[@class="react-datepicker__month-select"]'.</msg>
<status status="PASS" starttime="20240111 15:24:20.996" endtime="20240111 15:24:21.065"/>
</kw>
<kw name="Wait Until Page Contains Element" library="SeleniumLibrary">
<arg>${option_monthOfBirth}</arg>
<doc>Waits until the element ``locator`` appears on the current page.</doc>
<status status="PASS" starttime="20240111 15:24:21.065" endtime="20240111 15:24:21.087"/>
</kw>
<kw name="Click Element" library="SeleniumLibrary">
<arg>${option_monthOfBirth}</arg>
<doc>Click the element identified by ``locator``.</doc>
<msg timestamp="20240111 15:24:21.087" level="INFO">Clicking element '//option[@value='4']'.</msg>
<status status="PASS" starttime="20240111 15:24:21.087" endtime="20240111 15:24:21.135"/>
</kw>
<kw name="Wait Until Page Contains Element" library="SeleniumLibrary">
<arg>${select_yearOfBirth}</arg>
<doc>Waits until the element ``locator`` appears on the current page.</doc>
<status status="PASS" starttime="20240111 15:24:21.135" endtime="20240111 15:24:21.149"/>
</kw>
<kw name="Click Element" library="SeleniumLibrary">
<arg>${select_yearOfBirth}</arg>
<doc>Click the element identified by ``locator``.</doc>
<msg timestamp="20240111 15:24:21.149" level="INFO">Clicking element '//select[@class="react-datepicker__year-select"]'.</msg>
<status status="PASS" starttime="20240111 15:24:21.149" endtime="20240111 15:24:21.231"/>
</kw>
<kw name="Wait Until Page Contains Element" library="SeleniumLibrary">
<arg>${option_yearOfBirth}</arg>
<doc>Waits until the element ``locator`` appears on the current page.</doc>
<status status="PASS" starttime="20240111 15:24:21.231" endtime="20240111 15:24:21.244"/>
</kw>
<kw name="Click Element" library="SeleniumLibrary">
<arg>${option_yearOfBirth}</arg>
<doc>Click the element identified by ``locator``.</doc>
<msg timestamp="20240111 15:24:21.245" level="INFO">Clicking element '//option[@value='2002']'.</msg>
<status status="PASS" starttime="20240111 15:24:21.244" endtime="20240111 15:24:21.286"/>
</kw>
<kw name="Click Element" library="SeleniumLibrary">
<arg>${select_yearOfBirth}</arg>
<doc>Click the element identified by ``locator``.</doc>
<msg timestamp="20240111 15:24:21.287" level="INFO">Clicking element '//select[@class="react-datepicker__year-select"]'.</msg>
<status status="PASS" starttime="20240111 15:24:21.287" endtime="20240111 15:24:21.394"/>
</kw>
<kw name="Wait Until Page Contains Element" library="SeleniumLibrary">
<arg>${div_dayOfBith}</arg>
<doc>Waits until the element ``locator`` appears on the current page.</doc>
<status status="PASS" starttime="20240111 15:24:21.394" endtime="20240111 15:24:21.403"/>
</kw>
<kw name="Click Element" library="SeleniumLibrary">
<arg>${div_dayOfBith}</arg>
<doc>Click the element identified by ``locator``.</doc>
<msg timestamp="20240111 15:24:21.403" level="INFO">Clicking element '//div[text()='9']'.</msg>
<status status="PASS" starttime="20240111 15:24:21.403" endtime="20240111 15:24:21.448"/>
</kw>
<kw name="Sleep" library="BuiltIn">
<arg>10s</arg>
<doc>Pauses the test executed for the given time.</doc>
<msg timestamp="20240111 15:24:31.449" level="INFO">Slept 10 seconds</msg>
<status status="PASS" starttime="20240111 15:24:21.448" endtime="20240111 15:24:31.449"/>
</kw>
<status status="PASS" starttime="20240111 15:24:20.847" endtime="20240111 15:24:31.449"/>
</kw>
<kw name="fechar navegador">
<kw name="Close Browser" library="SeleniumLibrary">
<doc>Closes the current browser.</doc>
<status status="PASS" starttime="20240111 15:24:31.450" endtime="20240111 15:24:33.842"/>
</kw>
<status status="PASS" starttime="20240111 15:24:31.450" endtime="20240111 15:24:33.842"/>
</kw>
<tag>regressivo</tag>
<status status="PASS" starttime="20240111 15:23:59.655" endtime="20240111 15:24:33.842"/>
</test>
<status status="PASS" starttime="20240111 15:23:59.651" endtime="20240111 15:24:33.844"/>
</suite>
<status status="PASS" starttime="20240111 15:23:51.399" endtime="20240111 15:24:33.845"/>
</suite>
<statistics>
<total>
<stat pass="2" fail="0" skip="0">All Tests</stat>
</total>
<tag>
<stat pass="2" fail="0" skip="0">regressivo</stat>
</tag>
<suite>
<stat pass="2" fail="0" skip="0" id="s1" name="Tests">Tests</stat>
<stat pass="1" fail="0" skip="0" id="s1-s1" name="Modelo">Tests.Modelo</stat>
<stat pass="1" fail="0" skip="0" id="s1-s2" name="Teste">Tests.Teste</stat>
</suite>
</statistics>
<errors>
</errors>
</robot>
