<?xml version="1.0" encoding="UTF-8"?>
<robot generator="Robot 6.0 (Python 3.9.12 on linux)" generated="20240206 16:26:04.579" rpa="false" schemaversion="3">
<suite id="s1" name="Response" source="/home/lasic/Documentos/apaga/estudosRobotFramework/cursoAPIyt/aula5/response.robot">
<test id="s1-t1" name="TC02 - Realizar busca de um unico produto" line="34">
<kw name="Pegar um unico produto de id 1" sourcename="Pegar um unico produto de id ${id}">
<var>${response_keyword}</var>
<kw name="Create Dictionary" library="BuiltIn">
<var>&amp;{headers}</var>
<arg>Content_type=application/json</arg>
<doc>Creates and returns a dictionary based on the given ``items``.</doc>
<msg timestamp="20240206 16:26:04.850" level="INFO">&amp;{headers} = { Content_type=application/json }</msg>
<status status="PASS" starttime="20240206 16:26:04.849" endtime="20240206 16:26:04.850"/>
</kw>
<kw name="Replace String" library="String">
<var>${GET_SINGLE_PRODUCT}</var>
<arg>${GET_SINGLE_PRODUCT}</arg>
<arg>id-produto</arg>
<arg>${id}</arg>
<doc>Replaces ``search_for`` in the given ``string`` with ``replace_with``.</doc>
<msg timestamp="20240206 16:26:04.850" level="INFO">${GET_SINGLE_PRODUCT} = products/1</msg>
<status status="PASS" starttime="20240206 16:26:04.850" endtime="20240206 16:26:04.850"/>
</kw>
<kw name="GET" library="RequestsLibrary">
<var>${response}</var>
<arg>url=${HOST}/${GET_SINGLE_PRODUCT}</arg>
<arg>headers=&amp;{headers}</arg>
<doc>Sends a GET request.</doc>
<msg timestamp="20240206 16:26:05.530" level="INFO">GET Request : url=https://dummyjson.com/products/1 
 path_url=/products/1 
 headers={'User-Agent': 'python-requests/2.28.1', 'Accept-Encoding': 'gzip, deflate, br', 'Accept': '*/*', 'Connection': 'keep-alive', 'Content_type': 'application/json'} 
 body=None 
 </msg>
<msg timestamp="20240206 16:26:05.530" level="INFO">GET Response : url=https://dummyjson.com/products/1 
 status=200, reason=OK 
 headers={'access-control-allow-origin': '*', 'x-dns-prefetch-control': 'off', 'x-frame-options': 'SAMEORIGIN', 'strict-transport-security': 'max-age=15552000; includeSubDomains', 'x-download-options': 'noopen', 'x-content-type-options': 'nosniff', 'x-xss-protection': '1; mode=block', 'x-ratelimit-limit': '100', 'x-ratelimit-remaining': '99', 'date': 'Tue, 06 Feb 2024 19:26:05 GMT', 'x-ratelimit-reset': '1707247571', 'content-type': 'application/json; charset=utf-8', 'content-length': '537', 'etag': 'W/"219-Qb5jNZGxbDZom9db3B0+RJe2d+4"', 'vary': 'Accept-Encoding', 'server': 'railway'} 
 body={"id":1,"title":"iPhone 9","description":"An apple mobile which is nothing like apple","price":549,"discountPercentage":12.96,"rating":4.69,"stock":94,"brand":"Apple","category":"smartphones","thumbnail":"https://cdn.dummyjson.com/product-images/1/thumbnail.jpg","images":["https://cdn.dummyjson.com/product-images/1/1.jpg","https://cdn.dummyjson.com/product-images/1/2.jpg","https://cdn.dummyjson.com/product-images/1/3.jpg","https://cdn.dummyjson.com/product-images/1/4.jpg","https://cdn.dummyjson.com/product-images/1/thumbnail.jpg"]} 
 </msg>
<msg timestamp="20240206 16:26:05.530" level="INFO">${response} = &lt;Response [200]&gt;</msg>
<status status="PASS" starttime="20240206 16:26:04.851" endtime="20240206 16:26:05.530"/>
</kw>
<msg timestamp="20240206 16:26:05.531" level="INFO">${response_keyword} = &lt;Response [200]&gt;</msg>
<status status="PASS" starttime="20240206 16:26:04.849" endtime="20240206 16:26:05.531"/>
</kw>
<kw name="Should Be Equal As Strings" library="BuiltIn">
<arg>${response_keyword.status_code}</arg>
<arg>200</arg>
<doc>Fails if objects are unequal after converting them to strings.</doc>
<msg timestamp="20240206 16:26:05.533" level="INFO">Argument types are:
&lt;class 'int'&gt;
&lt;class 'str'&gt;</msg>
<status status="PASS" starttime="20240206 16:26:05.532" endtime="20240206 16:26:05.533"/>
</kw>
<kw name="Should Be Equal As Strings" library="BuiltIn">
<arg>${response_keyword.json()["title"]}</arg>
<arg>iPhone 9</arg>
<doc>Fails if objects are unequal after converting them to strings.</doc>
<status status="PASS" starttime="20240206 16:26:05.534" endtime="20240206 16:26:05.534"/>
</kw>
<kw name="Should Be Equal As Strings" library="BuiltIn">
<arg>${response_keyword.json()["price"]}</arg>
<arg>549</arg>
<doc>Fails if objects are unequal after converting them to strings.</doc>
<msg timestamp="20240206 16:26:05.535" level="INFO">Argument types are:
&lt;class 'int'&gt;
&lt;class 'str'&gt;</msg>
<status status="PASS" starttime="20240206 16:26:05.535" endtime="20240206 16:26:05.535"/>
</kw>
<kw name="Log" library="BuiltIn">
<arg>${response_keyword.json()}</arg>
<doc>Logs the given message with the given level.</doc>
<msg timestamp="20240206 16:26:05.537" level="INFO">{'id': 1, 'title': 'iPhone 9', 'description': 'An apple mobile which is nothing like apple', 'price': 549, 'discountPercentage': 12.96, 'rating': 4.69, 'stock': 94, 'brand': 'Apple', 'category': 'smartphones', 'thumbnail': 'https://cdn.dummyjson.com/product-images/1/thumbnail.jpg', 'images': ['https://cdn.dummyjson.com/product-images/1/1.jpg', 'https://cdn.dummyjson.com/product-images/1/2.jpg', 'https://cdn.dummyjson.com/product-images/1/3.jpg', 'https://cdn.dummyjson.com/product-images/1/4.jpg', 'https://cdn.dummyjson.com/product-images/1/thumbnail.jpg']}</msg>
<status status="PASS" starttime="20240206 16:26:05.536" endtime="20240206 16:26:05.537"/>
</kw>
<kw name="Log" library="BuiltIn">
<arg>${response_keyword.json()["title"]}</arg>
<doc>Logs the given message with the given level.</doc>
<msg timestamp="20240206 16:26:05.539" level="INFO">iPhone 9</msg>
<status status="PASS" starttime="20240206 16:26:05.539" endtime="20240206 16:26:05.540"/>
</kw>
<status status="PASS" starttime="20240206 16:26:04.848" endtime="20240206 16:26:05.540"/>
</test>
<status status="PASS" starttime="20240206 16:26:04.580" endtime="20240206 16:26:05.549"/>
</suite>
<statistics>
<total>
<stat pass="1" fail="0" skip="0">All Tests</stat>
</total>
<tag>
</tag>
<suite>
<stat pass="1" fail="0" skip="0" id="s1" name="Response">Response</stat>
</suite>
</statistics>
<errors>
</errors>
</robot>
