<?xml version="1.0" encoding="UTF-8"?>
<robot generator="Robot 6.1.1 (Python 3.12.1 on win32)" generated="20240123 17:38:53.668" rpa="false" schemaversion="4">
<suite id="s1" name="Pesquisa Youtube" source="C:\Users\natan\OneDrive\Imagens\Documentos\cursoRobotYt\resoluçãoDaLista\Youtube\suites\pesquisa_youtube">
<suite id="s1-s1" name="pesquisa Youtube" source="C:\Users\natan\OneDrive\Imagens\Documentos\cursoRobotYt\resoluçãoDaLista\Youtube\suites\pesquisa_youtube\pesquisa_Youtube.robot">
<test id="s1-s1-t1" name="TC01 - Fazer uma pesquisa de musica no youtube e entrar no primeiro resultado" line="7">
<kw name="Dado que acesse o youtube" library="setups_teardowns" type="SETUP">
<kw name="Open Browser" library="SeleniumLibrary">
<arg>${geral.URL}</arg>
<arg>${geral.Browser}</arg>
<doc>Opens a new browser instance to the optional ``url``.</doc>
<msg timestamp="20240123 17:38:53.887" level="INFO">Opening browser 'chrome' to base url 'https://www.youtube.com/'.</msg>
<status status="PASS" starttime="20240123 17:38:53.886" endtime="20240123 17:38:56.430"/>
</kw>
<kw name="Maximize Browser Window" library="SeleniumLibrary">
<doc>Maximizes current browser window.</doc>
<status status="PASS" starttime="20240123 17:38:56.430" endtime="20240123 17:39:02.334"/>
</kw>
<kw name="Element Should Be Visible" library="SeleniumLibrary">
<arg>${home_Page.A_Logo}</arg>
<arg>10s</arg>
<doc>Verifies that the element identified by ``locator`` is visible.</doc>
<msg timestamp="20240123 17:39:02.374" level="INFO">Element '(//a[@id="logo"])[1]' is displayed.</msg>
<status status="PASS" starttime="20240123 17:39:02.334" endtime="20240123 17:39:02.374"/>
</kw>
<status status="PASS" starttime="20240123 17:38:53.886" endtime="20240123 17:39:02.374"/>
</kw>
<kw name="Dado que digite uma pesquisa" library="home_Page">
<kw name="Wait Until Element Is Visible" library="SeleniumLibrary">
<arg>${home_Page.Input_Search}</arg>
<arg>10s</arg>
<doc>Waits until the element ``locator`` is visible.</doc>
<status status="PASS" starttime="20240123 17:39:02.374" endtime="20240123 17:39:02.408"/>
</kw>
<kw name="Input Text" library="SeleniumLibrary">
<arg>${home_Page.Input_Search}</arg>
<arg>${search.Search}</arg>
<doc>Types the given ``text`` into the text field identified by ``locator``.</doc>
<msg timestamp="20240123 17:39:02.410" level="INFO">Typing text 'superpowers daniel caesar' into text field '//input[@id="search"]'.</msg>
<status status="PASS" starttime="20240123 17:39:02.409" endtime="20240123 17:39:02.713"/>
</kw>
<status status="PASS" starttime="20240123 17:39:02.374" endtime="20240123 17:39:02.714"/>
</kw>
<kw name="Quando clico no botão pesquisar" library="home_Page">
<kw name="Wait Until Element Is Visible" library="SeleniumLibrary">
<arg>${home_Page.Btn_Search}</arg>
<arg>10s</arg>
<doc>Waits until the element ``locator`` is visible.</doc>
<status status="PASS" starttime="20240123 17:39:02.722" endtime="20240123 17:39:02.796"/>
</kw>
<kw name="Click Element" library="SeleniumLibrary">
<arg>${home_Page.Btn_Search}</arg>
<doc>Click the element identified by ``locator``.</doc>
<msg timestamp="20240123 17:39:02.797" level="INFO">Clicking element '//button[@id="search-icon-legacy"]'.</msg>
<status status="PASS" starttime="20240123 17:39:02.796" endtime="20240123 17:39:02.899"/>
</kw>
<status status="PASS" starttime="20240123 17:39:02.721" endtime="20240123 17:39:02.899"/>
</kw>
<kw name="E clique no primeiro resultado" library="search_Page">
<kw name="Wait Until Element Is Visible" library="SeleniumLibrary">
<arg>${search_Page.Div_Filter}</arg>
<arg>10s</arg>
<doc>Waits until the element ``locator`` is visible.</doc>
<status status="PASS" starttime="20240123 17:39:02.919" endtime="20240123 17:39:04.189"/>
</kw>
<kw name="Element Should Be Visible" library="SeleniumLibrary">
<arg>${search_Page.Div_Filter}</arg>
<doc>Verifies that the element identified by ``locator`` is visible.</doc>
<msg timestamp="20240123 17:39:04.282" level="INFO">Element '//div[@id="filter-button"]' is displayed.</msg>
<status status="PASS" starttime="20240123 17:39:04.189" endtime="20240123 17:39:04.283"/>
</kw>
<kw name="Wait Until Element Is Visible" library="SeleniumLibrary">
<arg>${search_Page.A_First_Result}</arg>
<arg>10s</arg>
<doc>Waits until the element ``locator`` is visible.</doc>
<status status="PASS" starttime="20240123 17:39:04.283" endtime="20240123 17:39:04.344"/>
</kw>
<kw name="Click Element" library="SeleniumLibrary">
<arg>${search_Page.A_First_Result}</arg>
<doc>Click the element identified by ``locator``.</doc>
<msg timestamp="20240123 17:39:04.345" level="INFO">Clicking element '(//a[@class="yt-simple-endpoint style-scope ytd-video-renderer"])[1]'.</msg>
<status status="PASS" starttime="20240123 17:39:04.344" endtime="20240123 17:39:04.436"/>
</kw>
<status status="PASS" starttime="20240123 17:39:02.919" endtime="20240123 17:39:04.436"/>
</kw>
<kw name="Então o video é acessado" library="result_Page">
<kw name="Wait Until Element Is Visible" library="SeleniumLibrary">
<arg>${result_Page.Btn_Share}</arg>
<arg>10s</arg>
<doc>Waits until the element ``locator`` is visible.</doc>
<status status="PASS" starttime="20240123 17:39:04.443" endtime="20240123 17:39:05.959"/>
</kw>
<kw name="Element Should Be Visible" library="SeleniumLibrary">
<arg>${result_Page.Btn_Share}</arg>
<doc>Verifies that the element identified by ``locator`` is visible.</doc>
<msg timestamp="20240123 17:39:06.023" level="INFO">Element '//button[@class="yt-spec-button-shape-next yt-spec-button-shape-next--tonal yt-spec-button-shape-next--mono yt-spec-button-shape-next--size-m yt-spec-button-shape-next--icon-leading"]' is displayed.</msg>
<status status="PASS" starttime="20240123 17:39:05.959" endtime="20240123 17:39:06.024"/>
</kw>
<status status="PASS" starttime="20240123 17:39:04.442" endtime="20240123 17:39:06.024"/>
</kw>
<kw name="Fechar navegador" library="setups_teardowns" type="TEARDOWN">
<kw name="Close Browser" library="SeleniumLibrary">
<doc>Closes the current browser.</doc>
<status status="PASS" starttime="20240123 17:39:06.025" endtime="20240123 17:39:08.434"/>
</kw>
<status status="PASS" starttime="20240123 17:39:06.025" endtime="20240123 17:39:08.434"/>
</kw>
<status status="PASS" starttime="20240123 17:38:53.885" endtime="20240123 17:39:08.435"/>
</test>
<status status="PASS" starttime="20240123 17:38:53.686" endtime="20240123 17:39:08.436"/>
</suite>
<status status="PASS" starttime="20240123 17:38:53.669" endtime="20240123 17:39:08.438"/>
</suite>
<statistics>
<total>
<stat pass="1" fail="0" skip="0">All Tests</stat>
</total>
<tag>
</tag>
<suite>
<stat pass="1" fail="0" skip="0" id="s1" name="Pesquisa Youtube">Pesquisa Youtube</stat>
<stat pass="1" fail="0" skip="0" id="s1-s1" name="pesquisa Youtube">Pesquisa Youtube.pesquisa Youtube</stat>
</suite>
</statistics>
<errors>
</errors>
</robot>
