<?xml version="1.0" encoding="UTF-8"?>
<robot generator="Robot 6.1.1 (Python 3.12.1 on win32)" generated="20240118 12:13:52.279" rpa="false" schemaversion="4">
<suite id="s1" name="Criar E Acessar Conta" source="C:\Users\natan\OneDrive\Imagens\Documentos\cursoRobotYt\resoluçãoDaLista\My Shop\suites\Criar_E_Acessar_Conta">
<suite id="s1-s1" name="Criar E Acessar Conta" source="C:\Users\natan\OneDrive\Imagens\Documentos\cursoRobotYt\resoluçãoDaLista\My Shop\suites\Criar_E_Acessar_Conta\criar_e_acessar_conta.robot">
<test id="s1-s1-t1" name="TC02 - Realizar login" line="17">
<kw name="Quando abro o site My Shop" library="setup_teardown" type="SETUP">
<kw name="Dado que acesse o site My Shop" library="home_page">
<kw name="Open Browser" library="SeleniumLibrary">
<arg>${geral.URL}</arg>
<arg>${geral.Browser}</arg>
<doc>Opens a new browser instance to the optional ``url``.</doc>
<msg timestamp="20240118 12:13:52.510" level="INFO">Opening browser 'chrome' to base url 'http://www.automationpractice.pl/index.php'.</msg>
<status status="PASS" starttime="20240118 12:13:52.509" endtime="20240118 12:13:55.704"/>
</kw>
<kw name="Maximize Browser Window" library="SeleniumLibrary">
<doc>Maximizes current browser window.</doc>
<status status="PASS" starttime="20240118 12:13:55.704" endtime="20240118 12:13:59.047"/>
</kw>
<status status="PASS" starttime="20240118 12:13:52.508" endtime="20240118 12:13:59.048"/>
</kw>
<status status="PASS" starttime="20240118 12:13:52.508" endtime="20240118 12:13:59.048"/>
</kw>
<kw name="Dado que clique em sign in" library="home_page">
<kw name="Wait Until Element Is Visible" library="SeleniumLibrary">
<arg>${home_page.A_Login}</arg>
<arg>10s</arg>
<doc>Waits until the element ``locator`` is visible.</doc>
<status status="PASS" starttime="20240118 12:13:59.048" endtime="20240118 12:13:59.085"/>
</kw>
<kw name="Click Element" library="SeleniumLibrary">
<arg>${home_page.A_Login}</arg>
<doc>Click the element identified by ``locator``.</doc>
<msg timestamp="20240118 12:13:59.087" level="INFO">Clicking element '//a[@title="Log in to your customer account"]'.</msg>
<status status="PASS" starttime="20240118 12:13:59.085" endtime="20240118 12:14:00.011"/>
</kw>
<status status="PASS" starttime="20240118 12:13:59.048" endtime="20240118 12:14:00.011"/>
</kw>
<kw name="Quando preencho os campos de login" library="login_page">
<kw name="Wait Until Element Is Visible" library="SeleniumLibrary">
<arg>${login_page.Input_Email}</arg>
<arg>10s</arg>
<doc>Waits until the element ``locator`` is visible.</doc>
<status status="PASS" starttime="20240118 12:14:00.028" endtime="20240118 12:14:00.079"/>
</kw>
<kw name="Input Text" library="SeleniumLibrary">
<arg>${login_page.Input_Email}</arg>
<arg>${credenciais.Email}</arg>
<doc>Types the given ``text`` into the text field identified by ``locator``.</doc>
<msg timestamp="20240118 12:14:00.080" level="INFO">Typing text 'mariazinha@123.com' into text field '//input[@id="email"]'.</msg>
<status status="PASS" starttime="20240118 12:14:00.079" endtime="20240118 12:14:00.216"/>
</kw>
<kw name="Wait Until Element Is Visible" library="SeleniumLibrary">
<arg>${login_page.Input_Password}</arg>
<arg>10s</arg>
<doc>Waits until the element ``locator`` is visible.</doc>
<status status="PASS" starttime="20240118 12:14:00.216" endtime="20240118 12:14:00.246"/>
</kw>
<kw name="Input Text" library="SeleniumLibrary">
<arg>${login_page.Input_Password}</arg>
<arg>${credenciais.Password}</arg>
<doc>Types the given ``text`` into the text field identified by ``locator``.</doc>
<msg timestamp="20240118 12:14:00.248" level="INFO">Typing text '12345' into text field '//input[@id="passwd"]'.</msg>
<status status="PASS" starttime="20240118 12:14:00.246" endtime="20240118 12:14:00.354"/>
</kw>
<status status="PASS" starttime="20240118 12:14:00.028" endtime="20240118 12:14:00.354"/>
</kw>
<kw name="E clico no botão sign in" library="login_page">
<kw name="Wait Until Element Is Visible" library="SeleniumLibrary">
<arg>${login_page.Button_Submit_Login}</arg>
<arg>10s</arg>
<doc>Waits until the element ``locator`` is visible.</doc>
<status status="PASS" starttime="20240118 12:14:00.354" endtime="20240118 12:14:00.383"/>
</kw>
<kw name="Click Element" library="SeleniumLibrary">
<arg>${login_page.Button_Submit_Login}</arg>
<doc>Click the element identified by ``locator``.</doc>
<msg timestamp="20240118 12:14:00.385" level="INFO">Clicking element '//button[@id="SubmitLogin"]'.</msg>
<status status="PASS" starttime="20240118 12:14:00.383" endtime="20240118 12:14:01.263"/>
</kw>
<status status="PASS" starttime="20240118 12:14:00.354" endtime="20240118 12:14:01.264"/>
</kw>
<kw name="Então o login é efetuado" library="my_account_page">
<kw name="Wait Until Element Is Visible" library="SeleniumLibrary">
<arg>${my_account.H1_Prova}</arg>
<arg>10s</arg>
<doc>Waits until the element ``locator`` is visible.</doc>
<status status="PASS" starttime="20240118 12:14:01.264" endtime="20240118 12:14:01.289"/>
</kw>
<kw name="Element Should Be Visible" library="SeleniumLibrary">
<arg>${my_account.H1_Prova}</arg>
<doc>Verifies that the element identified by ``locator`` is visible.</doc>
<msg timestamp="20240118 12:14:01.309" level="INFO">Element '//h1[text()="My account"]' is displayed.</msg>
<status status="PASS" starttime="20240118 12:14:01.289" endtime="20240118 12:14:01.310"/>
</kw>
<status status="PASS" starttime="20240118 12:14:01.264" endtime="20240118 12:14:01.310"/>
</kw>
<kw name="Fechar navegador" library="setup_teardown" type="TEARDOWN">
<kw name="Close Browser" library="SeleniumLibrary">
<doc>Closes the current browser.</doc>
<status status="PASS" starttime="20240118 12:14:01.311" endtime="20240118 12:14:03.575"/>
</kw>
<status status="PASS" starttime="20240118 12:14:01.310" endtime="20240118 12:14:03.575"/>
</kw>
<status status="PASS" starttime="20240118 12:13:52.508" endtime="20240118 12:14:03.576"/>
</test>
<status status="PASS" starttime="20240118 12:13:52.300" endtime="20240118 12:14:03.577"/>
</suite>
<status status="PASS" starttime="20240118 12:13:52.281" endtime="20240118 12:14:03.579"/>
</suite>
<statistics>
<total>
<stat pass="1" fail="0" skip="0">All Tests</stat>
</total>
<tag>
</tag>
<suite>
<stat pass="1" fail="0" skip="0" id="s1" name="Criar E Acessar Conta">Criar E Acessar Conta</stat>
<stat pass="1" fail="0" skip="0" id="s1-s1" name="Criar E Acessar Conta">Criar E Acessar Conta.Criar E Acessar Conta</stat>
</suite>
</statistics>
<errors>
</errors>
</robot>
