<?xml version="1.0" encoding="UTF-8"?>
<robot generator="Robot 6.1.1 (Python 3.12.1 on win32)" generated="20240108 22:14:03.881" rpa="false" schemaversion="4">
<suite id="s1" name="Estrutura" source="C:\Users\natan\OneDrive\Imagens\Documentos\cursoRobotYt\aula02\estrutura.robot">
<test id="s1-t1" name="Cenário 1: teste de abrir site google" line="23">
<kw name="abrir site da google">
<kw name="Open Browser" library="SeleniumLibrary">
<arg>https://www.google.com.br/</arg>
<arg>chrome</arg>
<doc>Opens a new browser instance to the optional ``url``.</doc>
<msg timestamp="20240108 22:14:04.081" level="INFO">Opening browser 'chrome' to base url 'https://www.google.com.br/'.</msg>
<status status="PASS" starttime="20240108 22:14:04.080" endtime="20240108 22:14:07.067"/>
</kw>
<status status="PASS" starttime="20240108 22:14:04.080" endtime="20240108 22:14:07.069"/>
</kw>
<kw name="fechar navegador">
<kw name="Close Browser" library="SeleniumLibrary">
<doc>Closes the current browser.</doc>
<status status="PASS" starttime="20240108 22:14:07.080" endtime="20240108 22:14:10.636"/>
</kw>
<status status="PASS" starttime="20240108 22:14:07.079" endtime="20240108 22:14:10.636"/>
</kw>
<status status="PASS" starttime="20240108 22:14:04.080" endtime="20240108 22:14:10.637"/>
</test>
<test id="s1-t2" name="Cenário 2: teste abrir site twitch" line="27">
<kw name="abrir site da twitch">
<kw name="Open Browser" library="SeleniumLibrary">
<arg>https://www.twitch.tv/</arg>
<arg>chrome</arg>
<doc>Opens a new browser instance to the optional ``url``.</doc>
<msg timestamp="20240108 22:14:10.640" level="INFO">Opening browser 'chrome' to base url 'https://www.twitch.tv/'.</msg>
<status status="PASS" starttime="20240108 22:14:10.639" endtime="20240108 22:14:17.050"/>
</kw>
<status status="PASS" starttime="20240108 22:14:10.639" endtime="20240108 22:14:17.050"/>
</kw>
<status status="PASS" starttime="20240108 22:14:10.639" endtime="20240108 22:14:17.050"/>
</test>
<status status="PASS" starttime="20240108 22:14:03.883" endtime="20240108 22:14:17.051"/>
</suite>
<statistics>
<total>
<stat pass="2" fail="0" skip="0">All Tests</stat>
</total>
<tag>
</tag>
<suite>
<stat pass="2" fail="0" skip="0" id="s1" name="Estrutura">Estrutura</stat>
</suite>
</statistics>
<errors>
</errors>
</robot>
