<?xml version="1.0" encoding="UTF-8"?>
<robot generator="Robot 6.1.1 (Python 3.12.1 on win32)" generated="20240117 22:09:56.035" rpa="false" schemaversion="4">
<suite id="s1" name="T shirts" source="C:\Users\natan\OneDrive\Imagens\Documentos\cursoRobotYt\resoluçãoDaLista\My Shop\suites\T_shirts">
<suite id="s1-s1" name="T Shirts" source="C:\Users\natan\OneDrive\Imagens\Documentos\cursoRobotYt\resoluçãoDaLista\My Shop\suites\T_shirts\t_shirts.robot">
<test id="s1-s1-t1" name="TC01 - Entrando no menu women e clicando em t-shirts" line="7">
<kw name="Quando abro o site My Shop" library="setup_teardown" type="SETUP">
<kw name="Dado que acesse o site My Shop" library="home_page">
<kw name="Open Browser" library="SeleniumLibrary">
<arg>${geral.URL}</arg>
<arg>${geral.Browser}</arg>
<doc>Opens a new browser instance to the optional ``url``.</doc>
<msg timestamp="20240117 22:09:56.259" level="INFO">Opening browser 'chrome' to base url 'http://www.automationpractice.pl/index.php'.</msg>
<status status="PASS" starttime="20240117 22:09:56.258" endtime="20240117 22:10:03.165"/>
</kw>
<kw name="Maximize Browser Window" library="SeleniumLibrary">
<doc>Maximizes current browser window.</doc>
<status status="PASS" starttime="20240117 22:10:03.165" endtime="20240117 22:10:03.279"/>
</kw>
<status status="PASS" starttime="20240117 22:09:56.258" endtime="20240117 22:10:03.279"/>
</kw>
<status status="PASS" starttime="20240117 22:09:56.258" endtime="20240117 22:10:03.279"/>
</kw>
<kw name="Dado que clique em T-Shirts" library="home_page">
<kw name="Execute Javascript" library="SeleniumLibrary">
<arg>document.querySelector('.first-in-line-xs').style.display = 'block';</arg>
<doc>Executes the given JavaScript code with possible arguments.</doc>
<msg timestamp="20240117 22:10:03.282" level="INFO">Executing JavaScript:
document.querySelector('.first-in-line-xs').style.display = 'block';
Without any arguments.</msg>
<status status="PASS" starttime="20240117 22:10:03.281" endtime="20240117 22:10:03.287"/>
</kw>
<kw name="Wait Until Element Is Visible" library="SeleniumLibrary">
<arg>${home_page.A_T_Shirts}</arg>
<arg>10s</arg>
<doc>Waits until the element ``locator`` is visible.</doc>
<status status="PASS" starttime="20240117 22:10:03.287" endtime="20240117 22:10:03.342"/>
</kw>
<kw name="Click Element" library="SeleniumLibrary">
<arg>${home_page.A_T_Shirts}</arg>
<doc>Click the element identified by ``locator``.</doc>
<msg timestamp="20240117 22:10:03.343" level="INFO">Clicking element '//a[@title="T-shirts"]'.</msg>
<status status="PASS" starttime="20240117 22:10:03.342" endtime="20240117 22:10:04.707"/>
</kw>
<status status="PASS" starttime="20240117 22:10:03.281" endtime="20240117 22:10:04.707"/>
</kw>
<kw name="Então aguardo na pagina t-shirts" library="t_shirts_page">
<kw name="Wait Until Element Is Visible" library="SeleniumLibrary">
<arg>${t_shirts.Span_Prova}</arg>
<arg>10s</arg>
<doc>Waits until the element ``locator`` is visible.</doc>
<status status="PASS" starttime="20240117 22:10:04.707" endtime="20240117 22:10:04.737"/>
</kw>
<kw name="Element Should Be Visible" library="SeleniumLibrary">
<arg>${t_shirts.Span_Prova}</arg>
<doc>Verifies that the element identified by ``locator`` is visible.</doc>
<msg timestamp="20240117 22:10:04.758" level="INFO">Element '//span[@class="cat-name"]' is displayed.</msg>
<status status="PASS" starttime="20240117 22:10:04.738" endtime="20240117 22:10:04.758"/>
</kw>
<status status="PASS" starttime="20240117 22:10:04.707" endtime="20240117 22:10:04.758"/>
</kw>
<kw name="Fechar navegador" library="setup_teardown" type="TEARDOWN">
<kw name="Close Browser" library="SeleniumLibrary">
<doc>Closes the current browser.</doc>
<status status="PASS" starttime="20240117 22:10:04.759" endtime="20240117 22:10:07.042"/>
</kw>
<status status="PASS" starttime="20240117 22:10:04.758" endtime="20240117 22:10:07.042"/>
</kw>
<status status="PASS" starttime="20240117 22:09:56.257" endtime="20240117 22:10:07.042"/>
</test>
<status status="PASS" starttime="20240117 22:09:56.055" endtime="20240117 22:10:07.043"/>
</suite>
<status status="PASS" starttime="20240117 22:09:56.037" endtime="20240117 22:10:07.046"/>
</suite>
<statistics>
<total>
<stat pass="1" fail="0" skip="0">All Tests</stat>
</total>
<tag>
</tag>
<suite>
<stat pass="1" fail="0" skip="0" id="s1" name="T shirts">T shirts</stat>
<stat pass="1" fail="0" skip="0" id="s1-s1" name="T Shirts">T shirts.T Shirts</stat>
</suite>
</statistics>
<errors>
</errors>
</robot>
